#
# A fatal error has been detected by the Java Runtime Environment:
#
#  SIGSEGV (0xb) at pc=0x00007f7a40ffb788, pid=22663, tid=0x00007f79df90f700
#
# JRE version: Java(TM) SE Runtime Environment (8.0_161-b12) (build 1.8.0_161-b12)
# Java VM: Java HotSpot(TM) 64-Bit Server VM (25.161-b12 mixed mode linux-amd64 compressed oops)
# Problematic frame:
# V  [libjvm.so+0x6d7788]  jni_invoke_nonstatic(JNIEnv_*, JavaValue*, _jobject*, JNICallType, _jmethodID*, JNI_ArgumentPusher*, Thread*)+0x38
#
# Failed to write core dump. Core dumps have been disabled. To enable core dumping, try "ulimit -c unlimited" before starting Java again
#
# If you would like to submit a bug report, please visit:
#   http://bugreport.java.com/bugreport/crash.jsp
#

---------------  T H R E A D  ---------------

Current thread (0x00007f7a3c2be800):  JavaThread "JavaFX Application Thread" [_thread_in_vm, id=22687, stack(0x00007f79df80f000,0x00007f79df910000)]

siginfo: si_signo: 11 (SIGSEGV), si_code: 128 (SI_KERNEL), si_addr: 0x0000000000000000

Registers:
RAX=0x00007f79df90e470, RBX=0x00007f79df90e380, RCX=0x0000000000000001, RDX=0x58464a2f736c6f72
RSP=0x00007f79df90e1d0, RBP=0x00007f79df90e350, RSI=0x00007f79df90e3e0, RDI=0x00007f7a3c2be9f8
R8 =0x00007f7a3c1e8e08, R9 =0x00007f79df90e380, R10=0x00007f79d0000d50, R11=0x00007f7a2c7e7ea0
R12=0x00007f7a3c2be800, R13=0x00007f7a3c1e8e08, R14=0x0000000000000001, R15=0x00007f7a3c2be9f8
RIP=0x00007f7a40ffb788, EFLAGS=0x0000000000010206, CSGSFS=0x002b000000000033, ERR=0x0000000000000000
  TRAPNO=0x000000000000000d

Top of Stack: (sp=0x00007f79df90e1d0)
0x00007f79df90e1d0:   00007f79df90e8d0 00007f79df90e4f0
0x00007f79df90e1e0:   00007f79df90e230 00007f79df90e2b0
0x00007f79df90e1f0:   00007f79df90e380 00007f79df90e3e0
0x00007f79df90e200:   00007f7a3c2be9f8 00007f7a4101b290
0x00007f79df90e210:   00007f7a0000a0b0 00007f7a0000a0c0
0x00007f79df90e220:   00007f7a0000a498 00000000000003d8
0x00007f79df90e230:   0000000000000000 00000000d8b08838
0x00007f79df90e240:   00007f7a0000006f 00007f7a0000000a
0x00007f79df90e250:   00000000d71eca30 0000000000000000
0x00007f79df90e260:   0000000000000000 0000000000000000
0x00007f79df90e270:   00007f7a2af4bb00 0000000100000100
0x00007f79df90e280:   0000000000000000 00007f79df90e238
0x00007f79df90e290:   00007f79df90e279 0000000800000005
0x00007f79df90e2a0:   00007f79df90e200 00007f7a3c2bf390
0x00007f79df90e2b0:   00007f7a4188ee70 00007f7a4239c720
0x00007f79df90e2c0:   000000003c2bf310 00007f7a3c2be800
0x00007f79df90e2d0:   0000000000000000 00007f7a40ffbb5b
0x00007f79df90e2e0:   00007f7a2af55c48 00007f7a3c2be800
0x00007f79df90e2f0:   00007f7a2af55c48 00007f7a3c2be800
0x00007f79df90e300:   00007f79df90e490 00007f7a2af55c48
0x00007f79df90e310:   00007f7a2af55c48 00007f7a2af55c48
0x00007f79df90e320:   00007f7a0000a0b0 00007f79df90e380
0x00007f79df90e330:   00007f7a3c2be800 00007f79df90e3c0
0x00007f79df90e340:   00007f7a3c1e8e08 00007f7a3c2be9f8
0x00007f79df90e350:   00007f79df90e440 00007f7a40ffff2f
0x00007f79df90e360:   00007f7a3c2be800 00007f7a1bdde4d4
0x00007f79df90e370:   00007f79df90e458 58464a2f736c6f72
0x00007f79df90e380:   00007f7a4188faf0 00007f7a4239c720
0x00007f79df90e390:   0000000000000000 00007f7a00000063
0x00007f79df90e3a0:   0000000000000000 0000003000000018
0x00007f79df90e3b0:   00007f79df90e530 00007f79df90e470
0x00007f79df90e3c0:   00007f7a3c2be800 0000000000000000 

Instructions: (pc=0x00007f7a40ffb788)
0x00007f7a40ffb768:   00 00 48 85 d2 48 89 bd b0 fe ff ff 48 89 b5 a8
0x00007f7a40ffb778:   fe ff ff 4c 89 8d a0 fe ff ff 0f 84 78 09 00 00
0x00007f7a40ffb788:   4c 8b 22 4d 85 e4 0f 84 6c 09 00 00 48 8b 45 10
0x00007f7a40ffb798:   48 8b 98 38 01 00 00 48 83 7b 18 f7 0f 87 16 07 

Register to memory mapping:

RAX=0x00007f79df90e470 is pointing into the stack for thread: 0x00007f7a3c2be800
RBX=0x00007f79df90e380 is pointing into the stack for thread: 0x00007f7a3c2be800
RCX=0x0000000000000001 is an unknown value
RDX=0x58464a2f736c6f72 is an unknown value
RSP=0x00007f79df90e1d0 is pointing into the stack for thread: 0x00007f7a3c2be800
RBP=0x00007f79df90e350 is pointing into the stack for thread: 0x00007f7a3c2be800
RSI=0x00007f79df90e3e0 is pointing into the stack for thread: 0x00007f7a3c2be800
RDI=0x00007f7a3c2be9f8 is an unknown value
R8 =0x00007f7a3c1e8e08 is an unknown value
R9 =0x00007f79df90e380 is pointing into the stack for thread: 0x00007f7a3c2be800
R10=0x00007f79d0000d50 is an unknown value
R11=0x00007f7a2c7e7ea0 is at entry_point+32 in (nmethod*)0x00007f7a2c7e7d10
R12=0x00007f7a3c2be800 is a thread
R13=0x00007f7a3c1e8e08 is an unknown value
R14=0x0000000000000001 is an unknown value
R15=0x00007f7a3c2be9f8 is an unknown value


Stack: [0x00007f79df80f000,0x00007f79df910000],  sp=0x00007f79df90e1d0,  free space=1020k
Native frames: (J=compiled Java code, j=interpreted, Vv=VM code, C=native code)
V  [libjvm.so+0x6d7788]  jni_invoke_nonstatic(JNIEnv_*, JavaValue*, _jobject*, JNICallType, _jmethodID*, JNI_ArgumentPusher*, Thread*)+0x38
V  [libjvm.so+0x6dbf2f]  jni_CallVoidMethodV+0x10f
C  [libglass.so+0x18641]  JNIEnv_::CallVoidMethod(_jobject*, _jmethodID*, ...)+0x81
C  [libglass.so+0x14f0f]  WindowContextBase::process_key(_GdkEventKey*)+0x20f
C  [libglass.so+0x19f60]  WindowContextBase::im_filter_keypress(_GdkEventKey*)+0x1c0
C  [libglass.so+0x1a91c]  process_events(_GdkEvent*, void*)+0x22c
C  [libgdk-x11-2.0.so.0+0x5af0c]

Java frames: (J=compiled Java code, j=interpreted, Vv=VM code)
j  com.sun.glass.ui.gtk.GtkApplication._runLoop(Ljava/lang/Runnable;Z)V+0
j  com.sun.glass.ui.gtk.GtkApplication.lambda$null$48(Ljava/lang/Runnable;Z)V+7
j  com.sun.glass.ui.gtk.GtkApplication$$Lambda$41.run()V+12
j  java.lang.Thread.run()V+11
v  ~StubRoutines::call_stub

---------------  P R O C E S S  ---------------

Java Threads: ( => current thread )
  0x00007f79d0318800 JavaThread "Prism Font Disposer" daemon [_thread_blocked, id=22721, stack(0x00007f79de40a000,0x00007f79de50b000)]
  0x00007f7a3c2c2000 JavaThread "JavaFX-Launcher" [_thread_blocked, id=22688, stack(0x00007f79df70e000,0x00007f79df80f000)]
=>0x00007f7a3c2be800 JavaThread "JavaFX Application Thread" [_thread_in_vm, id=22687, stack(0x00007f79df80f000,0x00007f79df910000)]
  0x00007f7a3c2bb800 JavaThread "Thread-1" daemon [_thread_blocked, id=22686, stack(0x00007f79df910000,0x00007f79dfa11000)]
  0x00007f7a3c1cf800 JavaThread "QuantumRenderer-0" daemon [_thread_blocked, id=22684, stack(0x00007f7a28a1c000,0x00007f7a28b1d000)]
  0x00007f7a3c0cb000 JavaThread "Service Thread" daemon [_thread_blocked, id=22681, stack(0x00007f7a28cb4000,0x00007f7a28db5000)]
  0x00007f7a3c0c0000 JavaThread "C1 CompilerThread2" daemon [_thread_blocked, id=22680, stack(0x00007f7a28db5000,0x00007f7a28eb6000)]
  0x00007f7a3c0be000 JavaThread "C2 CompilerThread1" daemon [_thread_blocked, id=22679, stack(0x00007f7a28eb6000,0x00007f7a28fb7000)]
  0x00007f7a3c0bb000 JavaThread "C2 CompilerThread0" daemon [_thread_in_native, id=22678, stack(0x00007f7a28fb7000,0x00007f7a290b8000)]
  0x00007f7a3c0b9800 JavaThread "Signal Dispatcher" daemon [_thread_blocked, id=22677, stack(0x00007f7a290b8000,0x00007f7a291b9000)]
  0x00007f7a3c086000 JavaThread "Finalizer" daemon [_thread_blocked, id=22676, stack(0x00007f7a295c6000,0x00007f7a296c7000)]
  0x00007f7a3c081800 JavaThread "Reference Handler" daemon [_thread_blocked, id=22675, stack(0x00007f7a296c7000,0x00007f7a297c8000)]
  0x00007f7a3c00b800 JavaThread "main" [_thread_blocked, id=22669, stack(0x00007f7a42440000,0x00007f7a42541000)]

Other Threads:
  0x00007f7a3c079800 VMThread [stack: 0x00007f7a297c8000,0x00007f7a298c9000] [id=22674]
  0x00007f7a3c0d0000 WatcherThread [stack: 0x00007f7a28bb3000,0x00007f7a28cb4000] [id=22682]

VM state:not at safepoint (normal execution)

VM Mutex/Monitor currently owned by a thread: None

Heap:
 PSYoungGen      total 36864K, used 6883K [0x00000000d6c00000, 0x00000000d9500000, 0x0000000100000000)
  eden space 31744K, 21% used [0x00000000d6c00000,0x00000000d72b8d90,0x00000000d8b00000)
  from space 5120K, 0% used [0x00000000d9000000,0x00000000d9000000,0x00000000d9500000)
  to   space 5120K, 0% used [0x00000000d8b00000,0x00000000d8b00000,0x00000000d9000000)
 ParOldGen       total 48128K, used 9907K [0x0000000084400000, 0x0000000087300000, 0x00000000d6c00000)
  object space 48128K, 20% used [0x0000000084400000,0x0000000084dace78,0x0000000087300000)
 Metaspace       used 21594K, capacity 22370K, committed 22528K, reserved 1069056K
  class space    used 3013K, capacity 3214K, committed 3328K, reserved 1048576K

Card table byte_map: [0x00007f7a2bbd8000,0x00007f7a2bfb7000] byte_map_base: 0x00007f7a2b7b6000

Marking Bits: (ParMarkBitMap*) 0x00007f7a418f3920
 Begin Bits: [0x00007f7a20220000, 0x00007f7a22110000)
 End Bits:   [0x00007f7a22110000, 0x00007f7a24000000)

Polling page: 0x00007f7a42560000

CodeCache: size=245760Kb used=7037Kb max_used=7041Kb free=238722Kb
 bounds [0x00007f7a2c377000, 0x00007f7a2ca67000, 0x00007f7a3b377000]
 total_blobs=2945 nmethods=2284 adapters=574
 compilation: enabled

Compilation events (10 events):
Event: 8,673 Thread 0x00007f7a3c0c0000 2280       1       javafx.scene.Node::access$5100 (5 bytes)
Event: 8,673 Thread 0x00007f7a3c0c0000 nmethod 2280 0x00007f7a2ca528d0 code [0x00007f7a2ca52a20, 0x00007f7a2ca52b10]
Event: 8,673 Thread 0x00007f7a3c0c0000 2283       1       javafx.scene.Node::access$5200 (5 bytes)
Event: 8,673 Thread 0x00007f7a3c0c0000 nmethod 2283 0x00007f7a2ca52610 code [0x00007f7a2ca52760, 0x00007f7a2ca52850]
Event: 8,673 Thread 0x00007f7a3c0c0000 2282       1       javafx.scene.Node::access$6100 (5 bytes)
Event: 8,673 Thread 0x00007f7a3c0c0000 nmethod 2282 0x00007f7a2ca52350 code [0x00007f7a2ca524a0, 0x00007f7a2ca52590]
Event: 8,673 Thread 0x00007f7a3c0c0000 2279       1       com.sun.javafx.css.StyleCache$Key::getStyleMapIds (5 bytes)
Event: 8,673 Thread 0x00007f7a3c0c0000 nmethod 2279 0x00007f7a2ca52090 code [0x00007f7a2ca521e0, 0x00007f7a2ca522f0]
Event: 8,673 Thread 0x00007f7a3c0c0000 2284       1       javafx.scene.Node::getContentBias (2 bytes)
Event: 8,673 Thread 0x00007f7a3c0c0000 nmethod 2284 0x00007f7a2ca51dd0 code [0x00007f7a2ca51f20, 0x00007f7a2ca52030]

GC Heap History (6 events):
Event: 1,704 GC heap before
{Heap before GC invocations=1 (full 0):
 PSYoungGen      total 36864K, used 31744K [0x00000000d6c00000, 0x00000000d9500000, 0x0000000100000000)
  eden space 31744K, 100% used [0x00000000d6c00000,0x00000000d8b00000,0x00000000d8b00000)
  from space 5120K, 0% used [0x00000000d9000000,0x00000000d9000000,0x00000000d9500000)
  to   space 5120K, 0% used [0x00000000d8b00000,0x00000000d8b00000,0x00000000d9000000)
 ParOldGen       total 84992K, used 0K [0x0000000084400000, 0x0000000089700000, 0x00000000d6c00000)
  object space 84992K, 0% used [0x0000000084400000,0x0000000084400000,0x0000000089700000)
 Metaspace       used 15992K, capacity 16672K, committed 16896K, reserved 1062912K
  class space    used 2326K, capacity 2511K, committed 2560K, reserved 1048576K
Event: 1,710 GC heap after
Heap after GC invocations=1 (full 0):
 PSYoungGen      total 36864K, used 5088K [0x00000000d6c00000, 0x00000000d9500000, 0x0000000100000000)
  eden space 31744K, 0% used [0x00000000d6c00000,0x00000000d6c00000,0x00000000d8b00000)
  from space 5120K, 99% used [0x00000000d8b00000,0x00000000d8ff8060,0x00000000d9000000)
  to   space 5120K, 0% used [0x00000000d9000000,0x00000000d9000000,0x00000000d9500000)
 ParOldGen       total 84992K, used 439K [0x0000000084400000, 0x0000000089700000, 0x00000000d6c00000)
  object space 84992K, 0% used [0x0000000084400000,0x000000008446de98,0x0000000089700000)
 Metaspace       used 15992K, capacity 16672K, committed 16896K, reserved 1062912K
  class space    used 2326K, capacity 2511K, committed 2560K, reserved 1048576K
}
Event: 8,316 GC heap before
{Heap before GC invocations=2 (full 0):
 PSYoungGen      total 36864K, used 27872K [0x00000000d6c00000, 0x00000000d9500000, 0x0000000100000000)
  eden space 31744K, 71% used [0x00000000d6c00000,0x00000000d8240260,0x00000000d8b00000)
  from space 5120K, 99% used [0x00000000d8b00000,0x00000000d8ff8060,0x00000000d9000000)
  to   space 5120K, 0% used [0x00000000d9000000,0x00000000d9000000,0x00000000d9500000)
 ParOldGen       total 84992K, used 439K [0x0000000084400000, 0x0000000089700000, 0x00000000d6c00000)
  object space 84992K, 0% used [0x0000000084400000,0x000000008446de98,0x0000000089700000)
 Metaspace       used 20527K, capacity 21204K, committed 21248K, reserved 1067008K
  class space    used 2862K, capacity 3045K, committed 3072K, reserved 1048576K
Event: 8,328 GC heap after
Heap after GC invocations=2 (full 0):
 PSYoungGen      total 36864K, used 5088K [0x00000000d6c00000, 0x00000000d9500000, 0x0000000100000000)
  eden space 31744K, 0% used [0x00000000d6c00000,0x00000000d6c00000,0x00000000d8b00000)
  from space 5120K, 99% used [0x00000000d9000000,0x00000000d94f8058,0x00000000d9500000)
  to   space 5120K, 0% used [0x00000000d8b00000,0x00000000d8b00000,0x00000000d9000000)
 ParOldGen       total 84992K, used 5328K [0x0000000084400000, 0x0000000089700000, 0x00000000d6c00000)
  object space 84992K, 6% used [0x0000000084400000,0x0000000084934128,0x0000000089700000)
 Metaspace       used 20527K, capacity 21204K, committed 21248K, reserved 1067008K
  class space    used 2862K, capacity 3045K, committed 3072K, reserved 1048576K
}
Event: 8,328 GC heap before
{Heap before GC invocations=3 (full 1):
 PSYoungGen      total 36864K, used 5088K [0x00000000d6c00000, 0x00000000d9500000, 0x0000000100000000)
  eden space 31744K, 0% used [0x00000000d6c00000,0x00000000d6c00000,0x00000000d8b00000)
  from space 5120K, 99% used [0x00000000d9000000,0x00000000d94f8058,0x00000000d9500000)
  to   space 5120K, 0% used [0x00000000d8b00000,0x00000000d8b00000,0x00000000d9000000)
 ParOldGen       total 84992K, used 5328K [0x0000000084400000, 0x0000000089700000, 0x00000000d6c00000)
  object space 84992K, 6% used [0x0000000084400000,0x0000000084934128,0x0000000089700000)
 Metaspace       used 20527K, capacity 21204K, committed 21248K, reserved 1067008K
  class space    used 2862K, capacity 3045K, committed 3072K, reserved 1048576K
Event: 8,381 GC heap after
Heap after GC invocations=3 (full 1):
 PSYoungGen      total 36864K, used 0K [0x00000000d6c00000, 0x00000000d9500000, 0x0000000100000000)
  eden space 31744K, 0% used [0x00000000d6c00000,0x00000000d6c00000,0x00000000d8b00000)
  from space 5120K, 0% used [0x00000000d9000000,0x00000000d9000000,0x00000000d9500000)
  to   space 5120K, 0% used [0x00000000d8b00000,0x00000000d8b00000,0x00000000d9000000)
 ParOldGen       total 48128K, used 9907K [0x0000000084400000, 0x0000000087300000, 0x00000000d6c00000)
  object space 48128K, 20% used [0x0000000084400000,0x0000000084dace78,0x0000000087300000)
 Metaspace       used 20527K, capacity 21204K, committed 21248K, reserved 1067008K
  class space    used 2862K, capacity 3045K, committed 3072K, reserved 1048576K
}

Deoptimization events (10 events):
Event: 8,424 Thread 0x00007f7a3c2be800 Uncommon trap: reason=unstable_if action=reinterpret pc=0x00007f7a2c900c80 method=java.util.concurrent.ConcurrentHashMap.putVal(Ljava/lang/Object;Ljava/lang/Object;Z)Ljava/lang/Object; @ 181
Event: 8,558 Thread 0x00007f7a3c2be800 Uncommon trap: reason=unstable_if action=reinterpret pc=0x00007f7a2c9efa68 method=java.util.Arrays.equals([B[B)Z @ 2
Event: 8,623 Thread 0x00007f7a3c2be800 Uncommon trap: reason=class_check action=maybe_recompile pc=0x00007f7a2c69fb74 method=com.sun.javafx.css.parser.CSSLexer.readChar()I @ 4
Event: 8,623 Thread 0x00007f7a3c2be800 Uncommon trap: reason=class_check action=maybe_recompile pc=0x00007f7a2c6e1d5c method=com.sun.javafx.css.parser.CSSLexer.readChar()I @ 4
Event: 8,623 Thread 0x00007f7a3c2be800 Uncommon trap: reason=class_check action=maybe_recompile pc=0x00007f7a2c69fb74 method=com.sun.javafx.css.parser.CSSLexer.readChar()I @ 4
Event: 8,623 Thread 0x00007f7a3c2be800 Uncommon trap: reason=class_check action=maybe_recompile pc=0x00007f7a2c6e1ee4 method=com.sun.javafx.css.parser.CSSLexer.readChar()I @ 4
Event: 8,625 Thread 0x00007f7a3c2be800 Uncommon trap: reason=class_check action=maybe_recompile pc=0x00007f7a2c69fb74 method=com.sun.javafx.css.parser.CSSLexer.readChar()I @ 4
Event: 8,644 Thread 0x00007f7a3c2be800 Uncommon trap: reason=unstable_if action=reinterpret pc=0x00007f7a2c9462f0 method=java.lang.CharacterDataLatin1.digit(II)I @ 82
Event: 8,649 Thread 0x00007f7a3c2be800 Uncommon trap: reason=unstable_if action=reinterpret pc=0x00007f7a2c93931c method=java.lang.CharacterDataLatin1.digit(II)I @ 82
Event: 8,667 Thread 0x00007f7a3c2be800 Uncommon trap: reason=unstable_if action=reinterpret pc=0x00007f7a2c81e5b8 method=java.lang.StrictMath.floorOrCeil(DDDD)D @ 38

Classes redefined (0 events):
No events

Internal exceptions (10 events):
Event: 0,906 Thread 0x00007f7a3c2be800 Exception <a 'java/lang/NullPointerException'> (0x00000000d77cebf0) thrown at [/HUDSON/workspace/8-2-build-linux-amd64/jdk8u161/10277/hotspot/src/share/vm/prims/jvm.cpp, line 1394]
Event: 1,244 Thread 0x00007f7a3c2be800 Exception <a 'java/lang/ArrayIndexOutOfBoundsException'> (0x00000000d8046b38) thrown at [/HUDSON/workspace/8-2-build-linux-amd64/jdk8u161/10277/hotspot/src/share/vm/runtime/sharedRuntime.cpp, line 605]
Event: 1,244 Thread 0x00007f7a3c2be800 Exception <a 'java/lang/ArrayIndexOutOfBoundsException'> (0x00000000d8047838) thrown at [/HUDSON/workspace/8-2-build-linux-amd64/jdk8u161/10277/hotspot/src/share/vm/runtime/sharedRuntime.cpp, line 605]
Event: 1,245 Thread 0x00007f7a3c2be800 Exception <a 'java/lang/ArrayIndexOutOfBoundsException'> (0x00000000d8048be0) thrown at [/HUDSON/workspace/8-2-build-linux-amd64/jdk8u161/10277/hotspot/src/share/vm/runtime/sharedRuntime.cpp, line 605]
Event: 1,263 Thread 0x00007f7a3c2be800 Exception <a 'java/lang/ArrayIndexOutOfBoundsException'> (0x00000000d80ca3a0) thrown at [/HUDSON/workspace/8-2-build-linux-amd64/jdk8u161/10277/hotspot/src/share/vm/runtime/sharedRuntime.cpp, line 605]
Event: 1,389 Thread 0x00007f7a3c2be800 Exception <a 'java/io/FileNotFoundException'> (0x00000000d8359870) thrown at [/HUDSON/workspace/8-2-build-linux-amd64/jdk8u161/10277/hotspot/src/share/vm/prims/jni.cpp, line 709]
Event: 1,412 Thread 0x00007f7a3c2be800 Implicit null exception at 0x00007f7a2c618b75 to 0x00007f7a2c618d55
Event: 1,412 Thread 0x00007f7a3c2be800 Implicit null exception at 0x00007f7a2c665d7b to 0x00007f7a2c666761
Event: 8,039 Thread 0x00007f7a3c2be800 Exception <a 'java/lang/NoClassDefFoundError': org/apache/log4j/Priority> (0x00000000d7585f38) thrown at [/HUDSON/workspace/8-2-build-linux-amd64/jdk8u161/10277/hotspot/src/share/vm/classfile/systemDictionary.cpp, line 199]
Event: 8,640 Thread 0x00007f7a3c2be800 Exception <a 'java/io/FileNotFoundException'> (0x00000000d72462d0) thrown at [/HUDSON/workspace/8-2-build-linux-amd64/jdk8u161/10277/hotspot/src/share/vm/prims/jni.cpp, line 709]

Events (10 events):
Event: 8,658 loading class javafx/scene/layout/VBox$StyleableProperties done
Event: 8,659 loading class javafx/scene/layout/VBox$StyleableProperties$1
Event: 8,659 loading class javafx/scene/layout/VBox$StyleableProperties$1 done
Event: 8,659 loading class javafx/scene/layout/VBox$StyleableProperties$2
Event: 8,659 loading class javafx/scene/layout/VBox$StyleableProperties$2 done
Event: 8,659 loading class javafx/scene/layout/VBox$StyleableProperties$3
Event: 8,659 loading class javafx/scene/layout/VBox$StyleableProperties$3 done
Event: 8,667 Thread 0x00007f7a3c2be800 Uncommon trap: trap_request=0xffffff65 fr.pc=0x00007f7a2c81e5b8
Event: 8,667 Thread 0x00007f7a3c2be800 DEOPT PACKING pc=0x00007f7a2c81e5b8 sp=0x00007f79df90b040
Event: 8,667 Thread 0x00007f7a3c2be800 DEOPT UNPACKING pc=0x00007f7a2c3bc73a sp=0x00007f79df90af88 mode 2


Dynamic libraries:
00400000-00401000 r-xp 00000000 08:01 50203430                           /usr/lib/jvm/java-8-oracle/bin/java
00600000-00601000 rw-p 00000000 08:01 50203430                           /usr/lib/jvm/java-8-oracle/bin/java
01004000-01025000 rw-p 00000000 00:00 0                                  [heap]
4017a000-4017c000 r-xs 00000000 08:01 13107505                           /tmp/.glUiUQqk (deleted)
4022d000-402ce000 rw-p 00000000 00:00 0 
84400000-87300000 rw-p 00000000 00:00 0 
87300000-d6c00000 ---p 00000000 00:00 0 
d6c00000-d9500000 rw-p 00000000 00:00 0 
d9500000-100000000 ---p 00000000 00:00 0 
100000000-100340000 rw-p 00000000 00:00 0 
100340000-140000000 ---p 00000000 00:00 0 
7f79c8000000-7f79c8021000 rw-p 00000000 00:00 0 
7f79c8021000-7f79cc000000 ---p 00000000 00:00 0 
7f79ccfff000-7f79d0000000 rw-p 00000000 00:00 0 
7f79d0000000-7f79d0737000 rw-p 00000000 00:00 0 
7f79d0737000-7f79d4000000 ---p 00000000 00:00 0 
7f79d4000000-7f79d4021000 rw-p 00000000 00:00 0 
7f79d4021000-7f79d8000000 ---p 00000000 00:00 0 
7f79d8000000-7f79d8021000 rw-p 00000000 00:00 0 
7f79d8021000-7f79dc000000 ---p 00000000 00:00 0 
7f79dc9bd000-7f79dca7d000 rw-p 00000000 00:00 0 
7f79dca7d000-7f79dcbbd000 ---p 00000000 00:00 0 
7f79dcbbd000-7f79dcbef000 r-xp 00000000 08:01 54395310                   /usr/lib/jvm/java-8-oracle/jre/lib/amd64/libsunec.so
7f79dcbef000-7f79dcdee000 ---p 00032000 08:01 54395310                   /usr/lib/jvm/java-8-oracle/jre/lib/amd64/libsunec.so
7f79dcdee000-7f79dcdf4000 rw-p 00031000 08:01 54395310                   /usr/lib/jvm/java-8-oracle/jre/lib/amd64/libsunec.so
7f79dcdf4000-7f79dd004000 rw-p 00000000 00:00 0 
7f79dd004000-7f79dd204000 rw-s 00000000 00:06 424                        /dev/nvidiactl
7f79dd204000-7f79dd604000 rw-s 00000000 00:06 424                        /dev/nvidiactl
7f79dd604000-7f79dd804000 rw-s 00000000 00:06 424                        /dev/nvidiactl
7f79dd804000-7f79de205000 rw-p 00000000 00:00 0 
7f79de205000-7f79de20a000 r--s 00084000 08:01 52692223                   /usr/lib/jvm/java-8-oracle/jre/lib/jfr.jar
7f79de20a000-7f79de40a000 rw-p 00000000 00:00 0 
7f79de40a000-7f79de40d000 ---p 00000000 00:00 0 
7f79de40d000-7f79de50b000 rw-p 00000000 00:00 0 
7f79de50b000-7f79de5c4000 r--p 00000000 08:01 50725731                   /usr/share/fonts/truetype/dejavu/DejaVuSans.ttf
7f79de5c4000-7f79de619000 r--p 00000000 08:01 52824192                   /usr/lib/jvm/java-8-oracle/jre/lib/fonts/LucidaBrightRegular.ttf
7f79de619000-7f79de6c4000 r--p 00000000 08:01 52824191                   /usr/lib/jvm/java-8-oracle/jre/lib/fonts/LucidaSansRegular.ttf
7f79de6c4000-7f79de6d8000 r--p 00000000 08:01 52824190                   /usr/lib/jvm/java-8-oracle/jre/lib/fonts/LucidaBrightItalic.ttf
7f79de6d8000-7f79de714000 r--p 00000000 08:01 52824196                   /usr/lib/jvm/java-8-oracle/jre/lib/fonts/LucidaTypewriterRegular.ttf
7f79de714000-7f79de727000 r--p 00000000 08:01 52824195                   /usr/lib/jvm/java-8-oracle/jre/lib/fonts/LucidaBrightDemiItalic.ttf
7f79de727000-7f79de775000 r--p 00000000 08:01 52824193                   /usr/lib/jvm/java-8-oracle/jre/lib/fonts/LucidaSansDemiBold.ttf
7f79de775000-7f79de788000 r--p 00000000 08:01 52824198                   /usr/lib/jvm/java-8-oracle/jre/lib/fonts/LucidaBrightDemiBold.ttf
7f79de788000-7f79de7c2000 r--p 00000000 08:01 52824197                   /usr/lib/jvm/java-8-oracle/jre/lib/fonts/LucidaTypewriterBold.ttf
7f79de7c2000-7f79de7c6000 r-xp 00000000 08:01 54395309                   /usr/lib/jvm/java-8-oracle/jre/lib/amd64/libjavafx_font_pango.so
7f79de7c6000-7f79de9c5000 ---p 00004000 08:01 54395309                   /usr/lib/jvm/java-8-oracle/jre/lib/amd64/libjavafx_font_pango.so
7f79de9c5000-7f79de9c6000 rw-p 00003000 08:01 54395309                   /usr/lib/jvm/java-8-oracle/jre/lib/amd64/libjavafx_font_pango.so
7f79de9c6000-7f79de9e9000 r--p 00000000 08:01 13107524                   /tmp/+JXF8557727184451932822.tmp
7f79de9e9000-7f79de9ee000 r--s 0009d000 08:01 52692502                   /usr/lib/jvm/java-8-oracle/jre/lib/jsse.jar
7f79de9ee000-7f79de9ff000 r-xp 00000000 08:01 54395361                   /usr/lib/jvm/java-8-oracle/jre/lib/amd64/libnio.so
7f79de9ff000-7f79debfe000 ---p 00011000 08:01 54395361                   /usr/lib/jvm/java-8-oracle/jre/lib/amd64/libnio.so
7f79debfe000-7f79debff000 rw-p 00010000 08:01 54395361                   /usr/lib/jvm/java-8-oracle/jre/lib/amd64/libnio.so
7f79debff000-7f79dedff000 rw-p 00000000 00:00 0 
7f79dedff000-7f79dee06000 r--s 0003f000 08:01 11797192                   /home/psyfabriq/.m2/repository/commons-codec/commons-codec/1.10/commons-codec-1.10.jar
7f79dee06000-7f79dee08000 r--s 0000e000 08:01 11797190                   /home/psyfabriq/.m2/repository/commons-logging/commons-logging/1.2/commons-logging-1.2.jar
7f79dee08000-7f79dee0f000 r--s 00049000 08:01 11797188                   /home/psyfabriq/.m2/repository/org/apache/httpcomponents/httpcore/4.4.7/httpcore-4.4.7.jar
7f79dee0f000-7f79dee1c000 r--s 000b2000 08:01 11797186                   /home/psyfabriq/.m2/repository/org/apache/httpcomponents/httpclient/4.5.4/httpclient-4.5.4.jar
7f79dee1c000-7f79dee1e000 r--s 0006b000 08:01 11796951                   /home/psyfabriq/.m2/repository/de/jensd/fontawesomefx/8.8/fontawesomefx-8.8.jar
7f79dee1e000-7f79dee33000 r--s 00232000 08:01 11797101                   /home/psyfabriq/.m2/repository/com/jfoenix/jfoenix/1.9.1/jfoenix-1.9.1.jar
7f79dee33000-7f79dee49000 r-xp 00000000 08:01 54395358                   /usr/lib/jvm/java-8-oracle/jre/lib/amd64/libnet.so
7f79dee49000-7f79df049000 ---p 00016000 08:01 54395358                   /usr/lib/jvm/java-8-oracle/jre/lib/amd64/libnet.so
7f79df049000-7f79df04a000 rw-p 00016000 08:01 54395358                   /usr/lib/jvm/java-8-oracle/jre/lib/amd64/libnet.so
7f79df04a000-7f79df24a000 rw-p 00000000 00:00 0 
7f79df24a000-7f79df255000 r--s 00000000 08:01 39845998                   /var/cache/fontconfig/945677eb7aeaf62f1d50efc3fb3ec7d8-le64.cache-6
7f79df255000-7f79df25b000 r--s 00000000 08:01 39845967                   /var/cache/fontconfig/2cd17615ca594fa2959ae173292e504c-le64.cache-6
7f79df25b000-7f79df25c000 r--s 00000000 08:01 39845960                   /var/cache/fontconfig/0d8c3b2ac0904cb8a57a757ad11a4a08-le64.cache-6
7f79df25c000-7f79df260000 r--s 00000000 08:01 39854321                   /var/cache/fontconfig/de156ccd2eddbdc19d37a45b8b2aac9c-le64.cache-6
7f79df260000-7f79df275000 r--s 00000000 08:01 39845956                   /var/cache/fontconfig/04aabc0a78ac019cf9454389977116d2-le64.cache-6
7f79df275000-7f79df276000 r--s 00000000 08:01 39845964                   /var/cache/fontconfig/1ac9eb803944fde146138c791f5cc56a-le64.cache-6
7f79df276000-7f79df27a000 r--s 00000000 08:01 39845973                   /var/cache/fontconfig/385c0604a188198f04d133e54aba7fe7-le64.cache-6
7f79df27a000-7f79df27b000 r--s 00000000 08:01 39846017                   /var/cache/fontconfig/dc05db6664285cc2f12bf69c139ae4c3-le64.cache-6
7f79df27b000-7f79df27d000 r--s 00000000 08:01 39845961                   /var/cache/fontconfig/14a5e22175779b556eaa434240950366-le64.cache-6
7f79df27d000-7f79df27e000 r--s 00000000 08:01 39845990                   /var/cache/fontconfig/660208299946a285a940457d1287da33-le64.cache-6
7f79df27e000-7f79df280000 r--s 00000000 08:01 39854097                   /var/cache/fontconfig/d72e64e659959f2a51dfd1c3a582bfd6-le64.cache-6
7f79df280000-7f79df282000 r--s 00000000 08:01 39845981                   /var/cache/fontconfig/4f3e3037c9980c83b53a9351efadef62-le64.cache-6
7f79df282000-7f79df285000 r--s 00000000 08:01 39845994                   /var/cache/fontconfig/767a8244fc0220cfb567a839d0392e0b-le64.cache-6
7f79df285000-7f79df286000 r--s 00000000 08:01 39845976                   /var/cache/fontconfig/4794a0821666d79190d59a36cb4f44b5-le64.cache-6
7f79df286000-7f79df287000 r--s 00000000 08:01 39845958                   /var/cache/fontconfig/0bd3dc0958fa2205aaaa8ebb13e2872b-le64.cache-6
7f79df287000-7f79df28d000 r--s 00000000 08:01 39845997                   /var/cache/fontconfig/8801497958630a81b71ace7c5f9b32a8-le64.cache-6
7f79df28d000-7f79df2c8000 r--s 00000000 08:01 39854156                   /var/cache/fontconfig/365b55f210c0a22e9a19e35191240f32-le64.cache-6
7f79df2c8000-7f79df2cc000 r--s 00000000 08:01 39854319                   /var/cache/fontconfig/c57959a16110560c8d0fcea73374aeeb-le64.cache-6
7f79df2cc000-7f79df2df000 r--s 00000000 08:01 39846014                   /var/cache/fontconfig/d52a8644073d54c13679302ca1180695-le64.cache-6
7f79df2df000-7f79df306000 r--s 00000000 08:01 39854096                   /var/cache/fontconfig/44474f3f49f61af72d5a386e6b9e8489-le64.cache-6
7f79df306000-7f79df30b000 r-xp 00000000 08:01 54395312                   /usr/lib/jvm/java-8-oracle/jre/lib/amd64/libjavafx_font_freetype.so
7f79df30b000-7f79df50a000 ---p 00005000 08:01 54395312                   /usr/lib/jvm/java-8-oracle/jre/lib/amd64/libjavafx_font_freetype.so
7f79df50a000-7f79df50b000 rw-p 00004000 08:01 54395312                   /usr/lib/jvm/java-8-oracle/jre/lib/amd64/libjavafx_font_freetype.so
7f79df50b000-7f79df50e000 r-xp 00000000 08:01 54395359                   /usr/lib/jvm/java-8-oracle/jre/lib/amd64/libjavafx_font.so
7f79df50e000-7f79df70d000 ---p 00003000 08:01 54395359                   /usr/lib/jvm/java-8-oracle/jre/lib/amd64/libjavafx_font.so
7f79df70d000-7f79df70e000 rw-p 00002000 08:01 54395359                   /usr/lib/jvm/java-8-oracle/jre/lib/amd64/libjavafx_font.so
7f79df70e000-7f79df711000 ---p 00000000 00:00 0 
7f79df711000-7f79df80f000 rw-p 00000000 00:00 0 
7f79df80f000-7f79df812000 ---p 00000000 00:00 0 
7f79df812000-7f79df910000 rw-p 00000000 00:00 0 
7f79df910000-7f79df913000 ---p 00000000 00:00 0 
7f79df913000-7f79dfa11000 rw-p 00000000 00:00 0 
7f79dfa11000-7f79dfa18000 r-xp 00000000 08:01 49553827                   /usr/lib/x86_64-linux-gnu/libogg.so.0.8.2
7f79dfa18000-7f79dfc18000 ---p 00007000 08:01 49553827                   /usr/lib/x86_64-linux-gnu/libogg.so.0.8.2
7f79dfc18000-7f79dfc19000 r--p 00007000 08:01 49553827                   /usr/lib/x86_64-linux-gnu/libogg.so.0.8.2
7f79dfc19000-7f79dfc1a000 rw-p 00008000 08:01 49553827                   /usr/lib/x86_64-linux-gnu/libogg.so.0.8.2
7f79dfc1a000-7f79dfc44000 r-xp 00000000 08:01 49546474                   /usr/lib/x86_64-linux-gnu/libvorbis.so.0.4.8
7f79dfc44000-7f79dfe43000 ---p 0002a000 08:01 49546474                   /usr/lib/x86_64-linux-gnu/libvorbis.so.0.4.8
7f79dfe43000-7f79dfe44000 r--p 00029000 08:01 49546474                   /usr/lib/x86_64-linux-gnu/libvorbis.so.0.4.8
7f79dfe44000-7f79dfe45000 rw-p 0002a000 08:01 49546474                   /usr/lib/x86_64-linux-gnu/libvorbis.so.0.4.8
7f79dfe45000-7f79dfe4e000 r-xp 00000000 08:01 49553721                   /usr/lib/x86_64-linux-gnu/libltdl.so.7.3.1
7f79dfe4e000-7f79e004d000 ---p 00009000 08:01 49553721                   /usr/lib/x86_64-linux-gnu/libltdl.so.7.3.1
7f79e004d000-7f79e004e000 r--p 00008000 08:01 49553721                   /usr/lib/x86_64-linux-gnu/libltdl.so.7.3.1
7f79e004e000-7f79e004f000 rw-p 00009000 08:01 49553721                   /usr/lib/x86_64-linux-gnu/libltdl.so.7.3.1
7f79e004f000-7f79e0063000 r-xp 00000000 08:01 49554056                   /usr/lib/x86_64-linux-gnu/libtdb.so.1.3.13
7f79e0063000-7f79e0263000 ---p 00014000 08:01 49554056                   /usr/lib/x86_64-linux-gnu/libtdb.so.1.3.13
7f79e0263000-7f79e0264000 r--p 00014000 08:01 49554056                   /usr/lib/x86_64-linux-gnu/libtdb.so.1.3.13
7f79e0264000-7f79e0265000 rw-p 00015000 08:01 49554056                   /usr/lib/x86_64-linux-gnu/libtdb.so.1.3.13
7f79e0265000-7f79e026c000 r-xp 00000000 08:01 49545689                   /usr/lib/x86_64-linux-gnu/libvorbisfile.so.3.3.7
7f79e026c000-7f79e046b000 ---p 00007000 08:01 49545689                   /usr/lib/x86_64-linux-gnu/libvorbisfile.so.3.3.7
7f79e046b000-7f79e046c000 r--p 00006000 08:01 49545689                   /usr/lib/x86_64-linux-gnu/libvorbisfile.so.3.3.7
7f79e046c000-7f79e046d000 rw-p 00007000 08:01 49545689                   /usr/lib/x86_64-linux-gnu/libvorbisfile.so.3.3.7
7f79e046d000-7f79e047d000 r-xp 00000000 08:01 49553149                   /usr/lib/x86_64-linux-gnu/libcanberra.so.0.2.5
7f79e047d000-7f79e067d000 ---p 00010000 08:01 49553149                   /usr/lib/x86_64-linux-gnu/libcanberra.so.0.2.5
7f79e067d000-7f79e067e000 r--p 00010000 08:01 49553149                   /usr/lib/x86_64-linux-gnu/libcanberra.so.0.2.5
7f79e067e000-7f79e067f000 rw-p 00011000 08:01 49553149                   /usr/lib/x86_64-linux-gnu/libcanberra.so.0.2.5
7f79e067f000-7f79e0683000 r-xp 00000000 08:01 49553145                   /usr/lib/x86_64-linux-gnu/libcanberra-gtk.so.0.1.9
7f79e0683000-7f79e0882000 ---p 00004000 08:01 49553145                   /usr/lib/x86_64-linux-gnu/libcanberra-gtk.so.0.1.9
7f79e0882000-7f79e0883000 r--p 00003000 08:01 49553145                   /usr/lib/x86_64-linux-gnu/libcanberra-gtk.so.0.1.9
7f79e0883000-7f79e0884000 rw-p 00004000 08:01 49553145                   /usr/lib/x86_64-linux-gnu/libcanberra-gtk.so.0.1.9
7f79e0884000-7f79e0889000 r-xp 00000000 08:01 49811167                   /usr/lib/x86_64-linux-gnu/gtk-2.0/modules/libcanberra-gtk-module.so
7f79e0889000-7f79e0a88000 ---p 00005000 08:01 49811167                   /usr/lib/x86_64-linux-gnu/gtk-2.0/modules/libcanberra-gtk-module.so
7f79e0a88000-7f79e0a89000 r--p 00004000 08:01 49811167                   /usr/lib/x86_64-linux-gnu/gtk-2.0/modules/libcanberra-gtk-module.so
7f79e0a89000-7f79e0a8a000 rw-p 00005000 08:01 49811167                   /usr/lib/x86_64-linux-gnu/gtk-2.0/modules/libcanberra-gtk-module.so
7f79e0a8a000-7f79e0aba000 r-xp 00000000 08:01 49811149                   /usr/lib/x86_64-linux-gnu/gtk-2.0/2.10.0/engines/libmurrine.so
7f79e0aba000-7f79e0cba000 ---p 00030000 08:01 49811149                   /usr/lib/x86_64-linux-gnu/gtk-2.0/2.10.0/engines/libmurrine.so
7f79e0cba000-7f79e0cbb000 r--p 00030000 08:01 49811149                   /usr/lib/x86_64-linux-gnu/gtk-2.0/2.10.0/engines/libmurrine.so
7f79e0cbb000-7f79e0cbc000 rw-p 00031000 08:01 49811149                   /usr/lib/x86_64-linux-gnu/gtk-2.0/2.10.0/engines/libmurrine.so
7f79e0cbc000-7f79e0cc6000 r-xp 00000000 08:01 49813584                   /usr/lib/x86_64-linux-gnu/gtk-2.0/2.10.0/engines/libpixmap.so
7f79e0cc6000-7f79e0ec5000 ---p 0000a000 08:01 49813584                   /usr/lib/x86_64-linux-gnu/gtk-2.0/2.10.0/engines/libpixmap.so
7f79e0ec5000-7f79e0ec6000 r--p 00009000 08:01 49813584                   /usr/lib/x86_64-linux-gnu/gtk-2.0/2.10.0/engines/libpixmap.so
7f79e0ec6000-7f79e0ec7000 rw-p 0000a000 08:01 49813584                   /usr/lib/x86_64-linux-gnu/gtk-2.0/2.10.0/engines/libpixmap.so
7f79e0ec7000-7f79e0ec9000 r-xp 00000000 08:01 49813583                   /usr/lib/x86_64-linux-gnu/gtk-2.0/2.10.0/engines/libadwaita.so
7f79e0ec9000-7f79e10c8000 ---p 00002000 08:01 49813583                   /usr/lib/x86_64-linux-gnu/gtk-2.0/2.10.0/engines/libadwaita.so
7f79e10c8000-7f79e10c9000 r--p 00001000 08:01 49813583                   /usr/lib/x86_64-linux-gnu/gtk-2.0/2.10.0/engines/libadwaita.so
7f79e10c9000-7f79e10ca000 rw-p 00002000 08:01 49813583                   /usr/lib/x86_64-linux-gnu/gtk-2.0/2.10.0/engines/libadwaita.so
7f79e10ca000-7f79e10de000 r-xp 00000000 08:01 55579080                   /lib/x86_64-linux-gnu/libgpg-error.so.0.22.0
7f79e10de000-7f79e12dd000 ---p 00014000 08:01 55579080                   /lib/x86_64-linux-gnu/libgpg-error.so.0.22.0
7f79e12dd000-7f79e12de000 r--p 00013000 08:01 55579080                   /lib/x86_64-linux-gnu/libgpg-error.so.0.22.0
7f79e12de000-7f79e12df000 rw-p 00014000 08:01 55579080                   /lib/x86_64-linux-gnu/libgpg-error.so.0.22.0
7f79e12df000-7f79e1303000 r-xp 00000000 08:01 55579099                   /lib/x86_64-linux-gnu/liblzma.so.5.2.2
7f79e1303000-7f79e1503000 ---p 00024000 08:01 55579099                   /lib/x86_64-linux-gnu/liblzma.so.5.2.2
7f79e1503000-7f79e1504000 r--p 00024000 08:01 55579099                   /lib/x86_64-linux-gnu/liblzma.so.5.2.2
7f79e1504000-7f79e1505000 rw-p 00025000 08:01 55579099                   /lib/x86_64-linux-gnu/liblzma.so.5.2.2
7f79e1505000-7f79e160b000 r-xp 00000000 08:01 55579076                   /lib/x86_64-linux-gnu/libgcrypt.so.20.1.8
7f79e160b000-7f79e180a000 ---p 00106000 08:01 55579076                   /lib/x86_64-linux-gnu/libgcrypt.so.20.1.8
7f79e180a000-7f79e180c000 r--p 00105000 08:01 55579076                   /lib/x86_64-linux-gnu/libgcrypt.so.20.1.8
7f79e180c000-7f79e1812000 rw-p 00107000 08:01 55579076                   /lib/x86_64-linux-gnu/libgcrypt.so.20.1.8
7f79e1812000-7f79e1813000 rw-p 00000000 00:00 0 
7f79e1813000-7f79e1894000 r-xp 00000000 08:01 55579197                   /lib/x86_64-linux-gnu/libsystemd.so.0.19.0
7f79e1894000-7f79e1a93000 ---p 00081000 08:01 55579197                   /lib/x86_64-linux-gnu/libsystemd.so.0.19.0
7f79e1a93000-7f79e1a96000 r--p 00080000 08:01 55579197                   /lib/x86_64-linux-gnu/libsystemd.so.0.19.0
7f79e1a96000-7f79e1a97000 rw-p 00083000 08:01 55579197                   /lib/x86_64-linux-gnu/libsystemd.so.0.19.0
7f79e1a97000-7f79e1a98000 rw-p 00000000 00:00 0 
7f79e1a98000-7f79e1ae2000 r-xp 00000000 08:01 55579052                   /lib/x86_64-linux-gnu/libdbus-1.so.3.14.13
7f79e1ae2000-7f79e1ce2000 ---p 0004a000 08:01 55579052                   /lib/x86_64-linux-gnu/libdbus-1.so.3.14.13
7f79e1ce2000-7f79e1ce3000 r--p 0004a000 08:01 55579052                   /lib/x86_64-linux-gnu/libdbus-1.so.3.14.13
7f79e1ce3000-7f79e1ce4000 rw-p 0004b000 08:01 55579052                   /lib/x86_64-linux-gnu/libdbus-1.so.3.14.13
7f79e1ce4000-7f79e1d10000 r-xp 00000000 08:01 49553095                   /usr/lib/x86_64-linux-gnu/libatspi.so.0.0.1
7f79e1d10000-7f79e1f10000 ---p 0002c000 08:01 49553095                   /usr/lib/x86_64-linux-gnu/libatspi.so.0.0.1
7f79e1f10000-7f79e1f13000 r--p 0002c000 08:01 49553095                   /usr/lib/x86_64-linux-gnu/libatspi.so.0.0.1
7f79e1f13000-7f79e1f14000 rw-p 0002f000 08:01 49553095                   /usr/lib/x86_64-linux-gnu/libatspi.so.0.0.1
7f79e1f14000-7f79e1f41000 r-xp 00000000 08:01 49553091                   /usr/lib/x86_64-linux-gnu/libatk-bridge-2.0.so.0.0.0
7f79e1f41000-7f79e2140000 ---p 0002d000 08:01 49553091                   /usr/lib/x86_64-linux-gnu/libatk-bridge-2.0.so.0.0.0
7f79e2140000-7f79e2141000 r--p 0002c000 08:01 49553091                   /usr/lib/x86_64-linux-gnu/libatk-bridge-2.0.so.0.0.0
7f79e2141000-7f79e2143000 rw-p 0002d000 08:01 49553091                   /usr/lib/x86_64-linux-gnu/libatk-bridge-2.0.so.0.0.0
7f79e2143000-7f79e35e1000 r-xp 00000000 08:01 54267075                   /usr/lib/nvidia-384/libnvidia-glcore.so.384.111
7f79e35e1000-7f79e3602000 rwxp 0149e000 08:01 54267075                   /usr/lib/nvidia-384/libnvidia-glcore.so.384.111
7f79e3602000-7f79e39e4000 r-xp 014bf000 08:01 54267075                   /usr/lib/nvidia-384/libnvidia-glcore.so.384.111
7f79e39e4000-7f79e3be4000 ---p 018a1000 08:01 54267075                   /usr/lib/nvidia-384/libnvidia-glcore.so.384.111
7f79e3be4000-7f79e3fe7000 rw-p 018a1000 08:01 54267075                   /usr/lib/nvidia-384/libnvidia-glcore.so.384.111
7f79e3fe7000-7f79e4000000 rw-p 00000000 00:00 0 
7f79e4000000-7f79e490e000 rw-p 00000000 00:00 0 
7f79e490e000-7f79e8000000 ---p 00000000 00:00 0 
7f79e8000000-7f79e8003000 r--s 00000000 08:01 39846002                   /var/cache/fontconfig/a015930274ffcd967d2ca1b57da47cc7-le64.cache-6
7f79e8003000-7f79e8004000 r--s 00000000 08:01 39846006                   /var/cache/fontconfig/b872e6e592da6075ffa4ab0a1fcc0c75-le64.cache-6
7f79e8004000-7f79e8005000 r--s 00000000 08:01 39846022                   /var/cache/fontconfig/f6d4eedfaab2589bde49f7a3ff831d22-le64.cache-6
7f79e8005000-7f79e8006000 r--s 00000000 08:01 39845988                   /var/cache/fontconfig/589f83ef4c36d296ce6e1c846f468f08-le64.cache-6
7f79e8006000-7f79e8007000 r--s 00000000 08:01 39846008                   /var/cache/fontconfig/bab58bb527bb656aaa9f116d68a48d89-le64.cache-6
7f79e8007000-7f79e8008000 r--s 00000000 08:01 39845965                   /var/cache/fontconfig/2171a34dccabdb6bcbbc728186263178-le64.cache-6
7f79e8008000-7f79e8009000 r--s 00000000 08:01 39846009                   /var/cache/fontconfig/c5c45a61289222e0d30b1a26ef4effbe-le64.cache-6
7f79e8009000-7f79e800a000 r--s 00000000 08:01 39846004                   /var/cache/fontconfig/aec30016f93e1b46d1a973dce0d74068-le64.cache-6
7f79e800a000-7f79e800b000 r--s 00000000 08:01 39845974                   /var/cache/fontconfig/3f589640d34b7dc9042c8d453f7c8b9c-le64.cache-6
7f79e800b000-7f79e8022000 r-xp 00000000 08:01 49553729                   /usr/lib/x86_64-linux-gnu/liblz4.so.1.7.1
7f79e8022000-7f79e8221000 ---p 00017000 08:01 49553729                   /usr/lib/x86_64-linux-gnu/liblz4.so.1.7.1
7f79e8221000-7f79e8222000 r--p 00016000 08:01 49553729                   /usr/lib/x86_64-linux-gnu/liblz4.so.1.7.1
7f79e8222000-7f79e8223000 rw-p 00017000 08:01 49553729                   /usr/lib/x86_64-linux-gnu/liblz4.so.1.7.1
7f79e8223000-7f79e8224000 r-xp 00000000 08:01 49811166                   /usr/lib/x86_64-linux-gnu/gtk-2.0/modules/libatk-bridge.so
7f79e8224000-7f79e8423000 ---p 00001000 08:01 49811166                   /usr/lib/x86_64-linux-gnu/gtk-2.0/modules/libatk-bridge.so
7f79e8423000-7f79e8424000 r--p 00000000 08:01 49811166                   /usr/lib/x86_64-linux-gnu/gtk-2.0/modules/libatk-bridge.so
7f79e8424000-7f79e8425000 rw-p 00001000 08:01 49811166                   /usr/lib/x86_64-linux-gnu/gtk-2.0/modules/libatk-bridge.so
7f79e8425000-7f79e842c000 r-xp 00000000 08:01 49553393                   /usr/lib/x86_64-linux-gnu/libgailutil.so.18.0.1
7f79e842c000-7f79e862b000 ---p 00007000 08:01 49553393                   /usr/lib/x86_64-linux-gnu/libgailutil.so.18.0.1
7f79e862b000-7f79e862c000 r--p 00006000 08:01 49553393                   /usr/lib/x86_64-linux-gnu/libgailutil.so.18.0.1
7f79e862c000-7f79e862d000 rw-p 00007000 08:01 49553393                   /usr/lib/x86_64-linux-gnu/libgailutil.so.18.0.1
7f79e862d000-7f79e862e000 r--s 00000000 08:01 39845962                   /var/cache/fontconfig/16c2fda60d1b4b719f4b3d06fd951d25-le64.cache-6
7f79e862e000-7f79e862f000 r--s 00000000 08:01 39846003                   /var/cache/fontconfig/a48eab177a16e4f3713381162db2f3e9-le64.cache-6
7f79e862f000-7f79e8635000 r--s 00000000 08:01 39845968                   /var/cache/fontconfig/3047814df9a2f067bd2d96a2b9c36e5a-le64.cache-6
7f79e8635000-7f79e863b000 r--s 00000000 08:01 39846005                   /var/cache/fontconfig/b47c4e1ecd0709278f4910c18777a504-le64.cache-6
7f79e863b000-7f79e8649000 r--s 00000000 08:01 39846000                   /var/cache/fontconfig/9b89f8e3dae116d678bbf48e5f21f69b-le64.cache-6
7f79e8649000-7f79e8696000 r-xp 00000000 08:01 49811169                   /usr/lib/x86_64-linux-gnu/gtk-2.0/modules/libgail.so
7f79e8696000-7f79e8896000 ---p 0004d000 08:01 49811169                   /usr/lib/x86_64-linux-gnu/gtk-2.0/modules/libgail.so
7f79e8896000-7f79e8897000 r--p 0004d000 08:01 49811169                   /usr/lib/x86_64-linux-gnu/gtk-2.0/modules/libgail.so
7f79e8897000-7f79e8899000 rw-p 0004e000 08:01 49811169                   /usr/lib/x86_64-linux-gnu/gtk-2.0/modules/libgail.so
7f79e8899000-7f79e88c2000 r-xp 00000000 08:01 54395334                   /usr/lib/jvm/java-8-oracle/jre/lib/amd64/libglass.so
7f79e88c2000-7f79e8ac1000 ---p 00029000 08:01 54395334                   /usr/lib/jvm/java-8-oracle/jre/lib/amd64/libglass.so
7f79e8ac1000-7f79e8ac4000 rw-p 00028000 08:01 54395334                   /usr/lib/jvm/java-8-oracle/jre/lib/amd64/libglass.so
7f79e8ac4000-7f79e8b44000 rw-s 00000000 00:06 424                        /dev/nvidiactl
7f79e8b44000-7f79e8bc4000 rw-s 00000000 00:06 424                        /dev/nvidiactl
7f79e8bc4000-7f79e8c44000 rw-s 00000000 00:06 424                        /dev/nvidiactl
7f79e8c44000-7f79e8c57000 r-xp 00000000 08:01 55579032                   /lib/x86_64-linux-gnu/libbsd.so.0.8.6
7f79e8c57000-7f79e8e56000 ---p 00013000 08:01 55579032                   /lib/x86_64-linux-gnu/libbsd.so.0.8.6
7f79e8e56000-7f79e8e57000 r--p 00012000 08:01 55579032                   /lib/x86_64-linux-gnu/libbsd.so.0.8.6
7f79e8e57000-7f79e8e58000 rw-p 00013000 08:01 55579032                   /lib/x86_64-linux-gnu/libbsd.so.0.8.6
7f79e8e58000-7f79e8e59000 rw-p 00000000 00:00 0 
7f79e8e59000-7f79e8e5d000 r-xp 00000000 08:01 55579211                   /lib/x86_64-linux-gnu/libuuid.so.1.3.0
7f79e8e5d000-7f79e905c000 ---p 00004000 08:01 55579211                   /lib/x86_64-linux-gnu/libuuid.so.1.3.0
7f79e905c000-7f79e905d000 r--p 00003000 08:01 55579211                   /lib/x86_64-linux-gnu/libuuid.so.1.3.0
7f79e905d000-7f79e905e000 rw-p 00004000 08:01 55579211                   /lib/x86_64-linux-gnu/libuuid.so.1.3.0
7f79e905e000-7f79e9064000 r-xp 00000000 08:01 49553226                   /usr/lib/x86_64-linux-gnu/libdatrie.so.1.3.3
7f79e9064000-7f79e9263000 ---p 00006000 08:01 49553226                   /usr/lib/x86_64-linux-gnu/libdatrie.so.1.3.3
7f79e9263000-7f79e9264000 r--p 00005000 08:01 49553226                   /usr/lib/x86_64-linux-gnu/libdatrie.so.1.3.3
7f79e9264000-7f79e9265000 rw-p 00006000 08:01 49553226                   /usr/lib/x86_64-linux-gnu/libdatrie.so.1.3.3
7f79e9265000-7f79e926a000 r-xp 00000000 08:01 49553013                   /usr/lib/x86_64-linux-gnu/libXdmcp.so.6.0.0
7f79e926a000-7f79e9469000 ---p 00005000 08:01 49553013                   /usr/lib/x86_64-linux-gnu/libXdmcp.so.6.0.0
7f79e9469000-7f79e946a000 r--p 00004000 08:01 49553013                   /usr/lib/x86_64-linux-gnu/libXdmcp.so.6.0.0
7f79e946a000-7f79e946b000 rw-p 00005000 08:01 49553013                   /usr/lib/x86_64-linux-gnu/libXdmcp.so.6.0.0
7f79e946b000-7f79e946d000 r-xp 00000000 08:01 49553002                   /usr/lib/x86_64-linux-gnu/libXau.so.6.0.0
7f79e946d000-7f79e966d000 ---p 00002000 08:01 49553002                   /usr/lib/x86_64-linux-gnu/libXau.so.6.0.0
7f79e966d000-7f79e966e000 r--p 00002000 08:01 49553002                   /usr/lib/x86_64-linux-gnu/libXau.so.6.0.0
7f79e966e000-7f79e966f000 rw-p 00003000 08:01 49553002                   /usr/lib/x86_64-linux-gnu/libXau.so.6.0.0
7f79e966f000-7f79e969a000 r-xp 00000000 08:01 49553502                   /usr/lib/x86_64-linux-gnu/libgraphite2.so.3.0.1
7f79e969a000-7f79e9899000 ---p 0002b000 08:01 49553502                   /usr/lib/x86_64-linux-gnu/libgraphite2.so.3.0.1
7f79e9899000-7f79e989b000 r--p 0002a000 08:01 49553502                   /usr/lib/x86_64-linux-gnu/libgraphite2.so.3.0.1
7f79e989b000-7f79e989c000 rw-p 0002c000 08:01 49553502                   /usr/lib/x86_64-linux-gnu/libgraphite2.so.3.0.1
7f79e989c000-7f79e98e0000 r-xp 00000000 08:01 55579028                   /lib/x86_64-linux-gnu/libblkid.so.1.1.0
7f79e98e0000-7f79e9adf000 ---p 00044000 08:01 55579028                   /lib/x86_64-linux-gnu/libblkid.so.1.1.0
7f79e9adf000-7f79e9ae3000 r--p 00043000 08:01 55579028                   /lib/x86_64-linux-gnu/libblkid.so.1.1.0
7f79e9ae3000-7f79e9ae4000 rw-p 00047000 08:01 55579028                   /lib/x86_64-linux-gnu/libblkid.so.1.1.0
7f79e9ae4000-7f79e9ae5000 rw-p 00000000 00:00 0 
7f79e9ae5000-7f79e9ae8000 r-xp 00000000 08:01 54267083                   /usr/lib/nvidia-384/tls/libnvidia-tls.so.384.111
7f79e9ae8000-7f79e9ce8000 ---p 00003000 08:01 54267083                   /usr/lib/nvidia-384/tls/libnvidia-tls.so.384.111
7f79e9ce8000-7f79e9ce9000 rw-p 00003000 08:01 54267083                   /usr/lib/nvidia-384/tls/libnvidia-tls.so.384.111
7f79e9ce9000-7f79e9d59000 r-xp 00000000 08:01 55579160                   /lib/x86_64-linux-gnu/libpcre.so.3.13.3
7f79e9d59000-7f79e9f59000 ---p 00070000 08:01 55579160                   /lib/x86_64-linux-gnu/libpcre.so.3.13.3
7f79e9f59000-7f79e9f5a000 r--p 00070000 08:01 55579160                   /lib/x86_64-linux-gnu/libpcre.so.3.13.3
7f79e9f5a000-7f79e9f5b000 rw-p 00071000 08:01 55579160                   /lib/x86_64-linux-gnu/libpcre.so.3.13.3
7f79e9f5b000-7f79e9f62000 r-xp 00000000 08:01 49553337                   /usr/lib/x86_64-linux-gnu/libffi.so.6.0.4
7f79e9f62000-7f79ea161000 ---p 00007000 08:01 49553337                   /usr/lib/x86_64-linux-gnu/libffi.so.6.0.4
7f79ea161000-7f79ea162000 r--p 00006000 08:01 49553337                   /usr/lib/x86_64-linux-gnu/libffi.so.6.0.4
7f79ea162000-7f79ea163000 rw-p 00007000 08:01 49553337                   /usr/lib/x86_64-linux-gnu/libffi.so.6.0.4
7f79ea163000-7f79ea18b000 r-xp 00000000 08:01 55579067                   /lib/x86_64-linux-gnu/libexpat.so.1.6.5
7f79ea18b000-7f79ea38b000 ---p 00028000 08:01 55579067                   /lib/x86_64-linux-gnu/libexpat.so.1.6.5
7f79ea38b000-7f79ea38d000 r--p 00028000 08:01 55579067                   /lib/x86_64-linux-gnu/libexpat.so.1.6.5
7f79ea38d000-7f79ea38e000 rw-p 0002a000 08:01 55579067                   /lib/x86_64-linux-gnu/libexpat.so.1.6.5
7f79ea38e000-7f79ea396000 r-xp 00000000 08:01 49554064                   /usr/lib/x86_64-linux-gnu/libthai.so.0.3.0
7f79ea396000-7f79ea595000 ---p 00008000 08:01 49554064                   /usr/lib/x86_64-linux-gnu/libthai.so.0.3.0
7f79ea595000-7f79ea596000 r--p 00007000 08:01 49554064                   /usr/lib/x86_64-linux-gnu/libthai.so.0.3.0
7f79ea596000-7f79ea597000 rw-p 00008000 08:01 49554064                   /usr/lib/x86_64-linux-gnu/libthai.so.0.3.0
7f79ea597000-7f79ea5bd000 r-xp 00000000 08:01 49554249                   /usr/lib/x86_64-linux-gnu/libxcb.so.1.1.0
7f79ea5bd000-7f79ea7bc000 ---p 00026000 08:01 49554249                   /usr/lib/x86_64-linux-gnu/libxcb.so.1.1.0
7f79ea7bc000-7f79ea7bd000 r--p 00025000 08:01 49554249                   /usr/lib/x86_64-linux-gnu/libxcb.so.1.1.0
7f79ea7bd000-7f79ea7be000 rw-p 00026000 08:01 49554249                   /usr/lib/x86_64-linux-gnu/libxcb.so.1.1.0
7f79ea7be000-7f79ea7ca000 r-xp 00000000 08:01 49554231                   /usr/lib/x86_64-linux-gnu/libxcb-render.so.0.0.0
7f79ea7ca000-7f79ea9c9000 ---p 0000c000 08:01 49554231                   /usr/lib/x86_64-linux-gnu/libxcb-render.so.0.0.0
7f79ea9c9000-7f79ea9ca000 r--p 0000b000 08:01 49554231                   /usr/lib/x86_64-linux-gnu/libxcb-render.so.0.0.0
7f79ea9ca000-7f79ea9cb000 rw-p 0000c000 08:01 49554231                   /usr/lib/x86_64-linux-gnu/libxcb-render.so.0.0.0
7f79ea9cb000-7f79ea9cd000 r-xp 00000000 08:01 49554237                   /usr/lib/x86_64-linux-gnu/libxcb-shm.so.0.0.0
7f79ea9cd000-7f79eabcc000 ---p 00002000 08:01 49554237                   /usr/lib/x86_64-linux-gnu/libxcb-shm.so.0.0.0
7f79eabcc000-7f79eabcd000 r--p 00001000 08:01 49554237                   /usr/lib/x86_64-linux-gnu/libxcb-shm.so.0.0.0
7f79eabcd000-7f79eabce000 rw-p 00002000 08:01 49554237                   /usr/lib/x86_64-linux-gnu/libxcb-shm.so.0.0.0
7f79eabce000-7f79eabff000 r-xp 00000000 08:01 49553888                   /usr/lib/x86_64-linux-gnu/libpng16.so.16.34.0
7f79eabff000-7f79eadfe000 ---p 00031000 08:01 49553888                   /usr/lib/x86_64-linux-gnu/libpng16.so.16.34.0
7f79eadfe000-7f79eadff000 r--p 00030000 08:01 49553888                   /usr/lib/x86_64-linux-gnu/libpng16.so.16.34.0
7f79eadff000-7f79eae00000 rw-p 00031000 08:01 49553888                   /usr/lib/x86_64-linux-gnu/libpng16.so.16.34.0
7f79eae00000-7f79eae9e000 r-xp 00000000 08:01 49553882                   /usr/lib/x86_64-linux-gnu/libpixman-1.so.0.34.0
7f79eae9e000-7f79eb09d000 ---p 0009e000 08:01 49553882                   /usr/lib/x86_64-linux-gnu/libpixman-1.so.0.34.0
7f79eb09d000-7f79eb0a5000 r--p 0009d000 08:01 49553882                   /usr/lib/x86_64-linux-gnu/libpixman-1.so.0.34.0
7f79eb0a5000-7f79eb0a6000 rw-p 000a5000 08:01 49553882                   /usr/lib/x86_64-linux-gnu/libpixman-1.so.0.34.0
7f79eb0a6000-7f79eb138000 r-xp 00000000 08:01 49553587                   /usr/lib/x86_64-linux-gnu/libharfbuzz.so.0.10400.2
7f79eb138000-7f79eb337000 ---p 00092000 08:01 49553587                   /usr/lib/x86_64-linux-gnu/libharfbuzz.so.0.10400.2
7f79eb337000-7f79eb339000 r--p 00091000 08:01 49553587                   /usr/lib/x86_64-linux-gnu/libharfbuzz.so.0.10400.2
7f79eb339000-7f79eb33a000 rw-p 00093000 08:01 49553587                   /usr/lib/x86_64-linux-gnu/libharfbuzz.so.0.10400.2
7f79eb33a000-7f79eb388000 r-xp 00000000 08:01 55579108                   /lib/x86_64-linux-gnu/libmount.so.1.1.0
7f79eb388000-7f79eb588000 ---p 0004e000 08:01 55579108                   /lib/x86_64-linux-gnu/libmount.so.1.1.0
7f79eb588000-7f79eb58a000 r--p 0004e000 08:01 55579108                   /lib/x86_64-linux-gnu/libmount.so.1.1.0
7f79eb58a000-7f79eb58b000 rw-p 00050000 08:01 55579108                   /lib/x86_64-linux-gnu/libmount.so.1.1.0
7f79eb58b000-7f79eb58c000 rw-p 00000000 00:00 0 
7f79eb58c000-7f79eb5a2000 r-xp 00000000 08:01 55579556                   /lib/x86_64-linux-gnu/libresolv-2.26.so
7f79eb5a2000-7f79eb7a2000 ---p 00016000 08:01 55579556                   /lib/x86_64-linux-gnu/libresolv-2.26.so
7f79eb7a2000-7f79eb7a3000 r--p 00016000 08:01 55579556                   /lib/x86_64-linux-gnu/libresolv-2.26.so
7f79eb7a3000-7f79eb7a4000 rw-p 00017000 08:01 55579556                   /lib/x86_64-linux-gnu/libresolv-2.26.so
7f79eb7a4000-7f79eb7a6000 rw-p 00000000 00:00 0 
7f79eb7a6000-7f79eb7cb000 r-xp 00000000 08:01 55579187                   /lib/x86_64-linux-gnu/libselinux.so.1
7f79eb7cb000-7f79eb9ca000 ---p 00025000 08:01 55579187                   /lib/x86_64-linux-gnu/libselinux.so.1
7f79eb9ca000-7f79eb9cb000 r--p 00024000 08:01 55579187                   /lib/x86_64-linux-gnu/libselinux.so.1
7f79eb9cb000-7f79eb9cc000 rw-p 00025000 08:01 55579187                   /lib/x86_64-linux-gnu/libselinux.so.1
7f79eb9cc000-7f79eb9ce000 rw-p 00000000 00:00 0 
7f79eb9ce000-7f79eb9ea000 r-xp 00000000 08:01 55579215                   /lib/x86_64-linux-gnu/libz.so.1.2.11
7f79eb9ea000-7f79ebbe9000 ---p 0001c000 08:01 55579215                   /lib/x86_64-linux-gnu/libz.so.1.2.11
7f79ebbe9000-7f79ebbea000 r--p 0001b000 08:01 55579215                   /lib/x86_64-linux-gnu/libz.so.1.2.11
7f79ebbea000-7f79ebbeb000 rw-p 0001c000 08:01 55579215                   /lib/x86_64-linux-gnu/libz.so.1.2.11
7f79ebbeb000-7f79ebbfc000 r-xp 00000000 08:01 49553015                   /usr/lib/x86_64-linux-gnu/libXext.so.6.4.0
7f79ebbfc000-7f79ebdfb000 ---p 00011000 08:01 49553015                   /usr/lib/x86_64-linux-gnu/libXext.so.6.4.0
7f79ebdfb000-7f79ebdfc000 r--p 00010000 08:01 49553015                   /usr/lib/x86_64-linux-gnu/libXext.so.6.4.0
7f79ebdfc000-7f79ebdfd000 rw-p 00011000 08:01 49553015                   /usr/lib/x86_64-linux-gnu/libXext.so.6.4.0
7f79ebdfd000-7f79ebdff000 r-xp 00000000 08:01 49553011                   /usr/lib/x86_64-linux-gnu/libXdamage.so.1.1.0
7f79ebdff000-7f79ebffe000 ---p 00002000 08:01 49553011                   /usr/lib/x86_64-linux-gnu/libXdamage.so.1.1.0
7f79ebffe000-7f79ebfff000 r--p 00001000 08:01 49553011                   /usr/lib/x86_64-linux-gnu/libXdamage.so.1.1.0
7f79ebfff000-7f79ec000000 rw-p 00002000 08:01 49553011                   /usr/lib/x86_64-linux-gnu/libXdamage.so.1.1.0
7f79ec000000-7f79ec021000 rw-p 00000000 00:00 0 
7f79ec021000-7f79f0000000 ---p 00000000 00:00 0 
7f79f0000000-7f79f0021000 rw-p 00000000 00:00 0 
7f79f0021000-7f79f4000000 ---p 00000000 00:00 0 
7f79f4000000-7f79f4382000 rw-p 00000000 00:00 0 
7f79f4382000-7f79f8000000 ---p 00000000 00:00 0 
7f79f8000000-7f79f83f2000 rw-p 00000000 00:00 0 
7f79f83f2000-7f79fc000000 ---p 00000000 00:00 0 
7f79fc000000-7f79fc021000 rw-p 00000000 00:00 0 
7f79fc021000-7f7a00000000 ---p 00000000 00:00 0 
7f7a00000000-7f7a002da000 rw-p 00000000 00:00 0 
7f7a002da000-7f7a04000000 ---p 00000000 00:00 0 
7f7a04000000-7f7a04021000 rw-p 00000000 00:00 0 
7f7a04021000-7f7a08000000 ---p 00000000 00:00 0 
7f7a08000000-7f7a08021000 rw-p 00000000 00:00 0 
7f7a08021000-7f7a0c000000 ---p 00000000 00:00 0 
7f7a0c000000-7f7a0c021000 rw-p 00000000 00:00 0 
7f7a0c021000-7f7a10000000 ---p 00000000 00:00 0 
7f7a10000000-7f7a10021000 rw-p 00000000 00:00 0 
7f7a10021000-7f7a14000000 ---p 00000000 00:00 0 
7f7a14000000-7f7a14021000 rw-p 00000000 00:00 0 
7f7a14021000-7f7a18000000 ---p 00000000 00:00 0 
7f7a18000000-7f7a18001000 r--s 00000000 08:01 39845984                   /var/cache/fontconfig/564b2e68ac9bc4e36a6f7f6d6125ec1c-le64.cache-6
7f7a18001000-7f7a18002000 r--s 00000000 08:01 39845985                   /var/cache/fontconfig/56cf4f4769d0f4abc89a4895d7bd3ae1-le64.cache-6
7f7a18002000-7f7a18003000 r--s 00000000 08:01 39846007                   /var/cache/fontconfig/b9d506c9ac06c20b433354fa67a72993-le64.cache-6
7f7a18003000-7f7a18004000 r--s 00000000 08:01 39845971                   /var/cache/fontconfig/370e5b74bf5dafc30834de68e24a87a4-le64.cache-6
7f7a18004000-7f7a18005000 r--s 00000000 08:01 39845992                   /var/cache/fontconfig/6b2c5944714ca7831b25bed9e85cb5c8-le64.cache-6
7f7a18005000-7f7a18006000 r--s 00000000 08:01 39846013                   /var/cache/fontconfig/d5178ab6d91b49bf20a416737dcea9e8-le64.cache-6
7f7a18006000-7f7a18007000 r--s 00000000 08:01 39845983                   /var/cache/fontconfig/551ecf3b0e8b0bca0f25c0944f561853-le64.cache-6
7f7a18007000-7f7a1800a000 r--s 00000000 08:01 39846021                   /var/cache/fontconfig/f259c2cffa685e28062317905db73c4a-le64.cache-6
7f7a1800a000-7f7a18017000 r--s 00000000 08:01 39853003                   /var/cache/fontconfig/e13b20fdb08344e0e664864cc2ede53d-le64.cache-6
7f7a18107000-7f7a18109000 r--s 00009000 08:01 53741318                   /usr/lib/jvm/java-8-oracle/jre/lib/ext/sunec.jar
7f7a18109000-7f7a1810d000 r--s 0003a000 08:01 53742767                   /usr/lib/jvm/java-8-oracle/jre/lib/ext/sunpkcs11.jar
7f7a1810d000-7f7a18117000 r--s 00116000 08:01 53742769                   /usr/lib/jvm/java-8-oracle/jre/lib/ext/localedata.jar
7f7a18117000-7f7a18137000 rw-s 00000000 00:06 425                        /dev/nvidia0
7f7a18137000-7f7a18139000 r-xp 00000000 08:01 49553007                   /usr/lib/x86_64-linux-gnu/libXcomposite.so.1.0.0
7f7a18139000-7f7a18338000 ---p 00002000 08:01 49553007                   /usr/lib/x86_64-linux-gnu/libXcomposite.so.1.0.0
7f7a18338000-7f7a18339000 r--p 00001000 08:01 49553007                   /usr/lib/x86_64-linux-gnu/libXcomposite.so.1.0.0
7f7a18339000-7f7a1833a000 rw-p 00002000 08:01 49553007                   /usr/lib/x86_64-linux-gnu/libXcomposite.so.1.0.0
7f7a1833a000-7f7a18343000 r-xp 00000000 08:01 49553009                   /usr/lib/x86_64-linux-gnu/libXcursor.so.1.0.2
7f7a18343000-7f7a18542000 ---p 00009000 08:01 49553009                   /usr/lib/x86_64-linux-gnu/libXcursor.so.1.0.2
7f7a18542000-7f7a18543000 r--p 00008000 08:01 49553009                   /usr/lib/x86_64-linux-gnu/libXcursor.so.1.0.2
7f7a18543000-7f7a18544000 rw-p 00009000 08:01 49553009                   /usr/lib/x86_64-linux-gnu/libXcursor.so.1.0.2
7f7a18544000-7f7a1854e000 r-xp 00000000 08:01 49553035                   /usr/lib/x86_64-linux-gnu/libXrandr.so.2.2.0
7f7a1854e000-7f7a1874d000 ---p 0000a000 08:01 49553035                   /usr/lib/x86_64-linux-gnu/libXrandr.so.2.2.0
7f7a1874d000-7f7a1874e000 r--p 00009000 08:01 49553035                   /usr/lib/x86_64-linux-gnu/libXrandr.so.2.2.0
7f7a1874e000-7f7a1874f000 rw-p 0000a000 08:01 49553035                   /usr/lib/x86_64-linux-gnu/libXrandr.so.2.2.0
7f7a1874f000-7f7a1875e000 r-xp 00000000 08:01 49553025                   /usr/lib/x86_64-linux-gnu/libXi.so.6.1.0
7f7a1875e000-7f7a1895d000 ---p 0000f000 08:01 49553025                   /usr/lib/x86_64-linux-gnu/libXi.so.6.1.0
7f7a1895d000-7f7a1895e000 r--p 0000e000 08:01 49553025                   /usr/lib/x86_64-linux-gnu/libXi.so.6.1.0
7f7a1895e000-7f7a1895f000 rw-p 0000f000 08:01 49553025                   /usr/lib/x86_64-linux-gnu/libXi.so.6.1.0
7f7a1895f000-7f7a18961000 r-xp 00000000 08:01 49553027                   /usr/lib/x86_64-linux-gnu/libXinerama.so.1.0.0
7f7a18961000-7f7a18b60000 ---p 00002000 08:01 49553027                   /usr/lib/x86_64-linux-gnu/libXinerama.so.1.0.0
7f7a18b60000-7f7a18b61000 r--p 00001000 08:01 49553027                   /usr/lib/x86_64-linux-gnu/libXinerama.so.1.0.0
7f7a18b61000-7f7a18b62000 rw-p 00002000 08:01 49553027                   /usr/lib/x86_64-linux-gnu/libXinerama.so.1.0.0
7f7a18b62000-7f7a18b6b000 r-xp 00000000 08:01 49553037                   /usr/lib/x86_64-linux-gnu/libXrender.so.1.3.0
7f7a18b6b000-7f7a18d6a000 ---p 00009000 08:01 49553037                   /usr/lib/x86_64-linux-gnu/libXrender.so.1.3.0
7f7a18d6a000-7f7a18d6b000 r--p 00008000 08:01 49553037                   /usr/lib/x86_64-linux-gnu/libXrender.so.1.3.0
7f7a18d6b000-7f7a18d6c000 rw-p 00009000 08:01 49553037                   /usr/lib/x86_64-linux-gnu/libXrender.so.1.3.0
7f7a18d6c000-7f7a18d71000 r-xp 00000000 08:01 49553017                   /usr/lib/x86_64-linux-gnu/libXfixes.so.3.1.0
7f7a18d71000-7f7a18f70000 ---p 00005000 08:01 49553017                   /usr/lib/x86_64-linux-gnu/libXfixes.so.3.1.0
7f7a18f70000-7f7a18f71000 r--p 00004000 08:01 49553017                   /usr/lib/x86_64-linux-gnu/libXfixes.so.3.1.0
7f7a18f71000-7f7a18f72000 rw-p 00005000 08:01 49553017                   /usr/lib/x86_64-linux-gnu/libXfixes.so.3.1.0
7f7a18f72000-7f7a18f88000 r-xp 00000000 08:01 55579074                   /lib/x86_64-linux-gnu/libgcc_s.so.1
7f7a18f88000-7f7a19187000 ---p 00016000 08:01 55579074                   /lib/x86_64-linux-gnu/libgcc_s.so.1
7f7a19187000-7f7a19188000 r--p 00015000 08:01 55579074                   /lib/x86_64-linux-gnu/libgcc_s.so.1
7f7a19188000-7f7a19189000 rw-p 00016000 08:01 55579074                   /lib/x86_64-linux-gnu/libgcc_s.so.1
7f7a19189000-7f7a19301000 r-xp 00000000 08:01 49554040                   /usr/lib/x86_64-linux-gnu/libstdc++.so.6.0.24
7f7a19301000-7f7a19500000 ---p 00178000 08:01 49554040                   /usr/lib/x86_64-linux-gnu/libstdc++.so.6.0.24
7f7a19500000-7f7a1950a000 r--p 00177000 08:01 49554040                   /usr/lib/x86_64-linux-gnu/libstdc++.so.6.0.24
7f7a1950a000-7f7a1950c000 rw-p 00181000 08:01 49554040                   /usr/lib/x86_64-linux-gnu/libstdc++.so.6.0.24
7f7a1950c000-7f7a1950f000 rw-p 00000000 00:00 0 
7f7a1950f000-7f7a195da000 r-xp 00000000 08:01 54267058                   /usr/lib/nvidia-384/libGL.so.384.111
7f7a195da000-7f7a1960e000 rwxp 000cb000 08:01 54267058                   /usr/lib/nvidia-384/libGL.so.384.111
7f7a1960e000-7f7a19622000 r-xp 000ff000 08:01 54267058                   /usr/lib/nvidia-384/libGL.so.384.111
7f7a19622000-7f7a19821000 ---p 00113000 08:01 54267058                   /usr/lib/nvidia-384/libGL.so.384.111
7f7a19821000-7f7a1984a000 rw-p 00112000 08:01 54267058                   /usr/lib/nvidia-384/libGL.so.384.111
7f7a1984a000-7f7a19851000 rw-p 00000000 00:00 0 
7f7a19851000-7f7a19856000 r-xp 00000000 08:01 49553053                   /usr/lib/x86_64-linux-gnu/libXxf86vm.so.1.0.0
7f7a19856000-7f7a19a55000 ---p 00005000 08:01 49553053                   /usr/lib/x86_64-linux-gnu/libXxf86vm.so.1.0.0
7f7a19a55000-7f7a19a56000 r--p 00004000 08:01 49553053                   /usr/lib/x86_64-linux-gnu/libXxf86vm.so.1.0.0
7f7a19a56000-7f7a19a57000 rw-p 00005000 08:01 49553053                   /usr/lib/x86_64-linux-gnu/libXxf86vm.so.1.0.0
7f7a19a57000-7f7a19b8b000 r-xp 00000000 08:01 49552998                   /usr/lib/x86_64-linux-gnu/libX11.so.6.3.0
7f7a19b8b000-7f7a19d8b000 ---p 00134000 08:01 49552998                   /usr/lib/x86_64-linux-gnu/libX11.so.6.3.0
7f7a19d8b000-7f7a19d8c000 r--p 00134000 08:01 49552998                   /usr/lib/x86_64-linux-gnu/libX11.so.6.3.0
7f7a19d8c000-7f7a19d90000 rw-p 00135000 08:01 49552998                   /usr/lib/x86_64-linux-gnu/libX11.so.6.3.0
7f7a19d90000-7f7a19d95000 r-xp 00000000 08:01 49553043                   /usr/lib/x86_64-linux-gnu/libXtst.so.6.1.0
7f7a19d95000-7f7a19f94000 ---p 00005000 08:01 49553043                   /usr/lib/x86_64-linux-gnu/libXtst.so.6.1.0
7f7a19f94000-7f7a19f95000 r--p 00004000 08:01 49553043                   /usr/lib/x86_64-linux-gnu/libXtst.so.6.1.0
7f7a19f95000-7f7a19f96000 rw-p 00005000 08:01 49553043                   /usr/lib/x86_64-linux-gnu/libXtst.so.6.1.0
7f7a19f96000-7f7a1a0a7000 r-xp 00000000 08:01 55579078                   /lib/x86_64-linux-gnu/libglib-2.0.so.0.5400.1
7f7a1a0a7000-7f7a1a2a7000 ---p 00111000 08:01 55579078                   /lib/x86_64-linux-gnu/libglib-2.0.so.0.5400.1
7f7a1a2a7000-7f7a1a2a8000 r--p 00111000 08:01 55579078                   /lib/x86_64-linux-gnu/libglib-2.0.so.0.5400.1
7f7a1a2a8000-7f7a1a2a9000 rw-p 00112000 08:01 55579078                   /lib/x86_64-linux-gnu/libglib-2.0.so.0.5400.1
7f7a1a2a9000-7f7a1a2aa000 rw-p 00000000 00:00 0 
7f7a1a2aa000-7f7a1a2ab000 r-xp 00000000 08:01 49553554                   /usr/lib/x86_64-linux-gnu/libgthread-2.0.so.0.5400.1
7f7a1a2ab000-7f7a1a4aa000 ---p 00001000 08:01 49553554                   /usr/lib/x86_64-linux-gnu/libgthread-2.0.so.0.5400.1
7f7a1a4aa000-7f7a1a4ab000 r--p 00000000 08:01 49553554                   /usr/lib/x86_64-linux-gnu/libgthread-2.0.so.0.5400.1
7f7a1a4ab000-7f7a1a4ac000 rw-p 00001000 08:01 49553554                   /usr/lib/x86_64-linux-gnu/libgthread-2.0.so.0.5400.1
7f7a1a4ac000-7f7a1a4af000 r-xp 00000000 08:01 49553457                   /usr/lib/x86_64-linux-gnu/libgmodule-2.0.so.0.5400.1
7f7a1a4af000-7f7a1a6ae000 ---p 00003000 08:01 49553457                   /usr/lib/x86_64-linux-gnu/libgmodule-2.0.so.0.5400.1
7f7a1a6ae000-7f7a1a6af000 r--p 00002000 08:01 49553457                   /usr/lib/x86_64-linux-gnu/libgmodule-2.0.so.0.5400.1
7f7a1a6af000-7f7a1a6b0000 rw-p 00003000 08:01 49553457                   /usr/lib/x86_64-linux-gnu/libgmodule-2.0.so.0.5400.1
7f7a1a6b0000-7f7a1a702000 r-xp 00000000 08:01 49553483                   /usr/lib/x86_64-linux-gnu/libgobject-2.0.so.0.5400.1
7f7a1a702000-7f7a1a902000 ---p 00052000 08:01 49553483                   /usr/lib/x86_64-linux-gnu/libgobject-2.0.so.0.5400.1
7f7a1a902000-7f7a1a903000 r--p 00052000 08:01 49553483                   /usr/lib/x86_64-linux-gnu/libgobject-2.0.so.0.5400.1
7f7a1a903000-7f7a1a904000 rw-p 00053000 08:01 49553483                   /usr/lib/x86_64-linux-gnu/libgobject-2.0.so.0.5400.1
7f7a1a904000-7f7a1a941000 r-xp 00000000 08:01 49553351                   /usr/lib/x86_64-linux-gnu/libfontconfig.so.1.9.0
7f7a1a941000-7f7a1ab40000 ---p 0003d000 08:01 49553351                   /usr/lib/x86_64-linux-gnu/libfontconfig.so.1.9.0
7f7a1ab40000-7f7a1ab42000 r--p 0003c000 08:01 49553351                   /usr/lib/x86_64-linux-gnu/libfontconfig.so.1.9.0
7f7a1ab42000-7f7a1ab47000 rw-p 0003e000 08:01 49553351                   /usr/lib/x86_64-linux-gnu/libfontconfig.so.1.9.0
7f7a1ab47000-7f7a1abf3000 r-xp 00000000 08:01 49547852                   /usr/lib/x86_64-linux-gnu/libfreetype.so.6.14.0
7f7a1abf3000-7f7a1adf2000 ---p 000ac000 08:01 49547852                   /usr/lib/x86_64-linux-gnu/libfreetype.so.6.14.0
7f7a1adf2000-7f7a1adf9000 r--p 000ab000 08:01 49547852                   /usr/lib/x86_64-linux-gnu/libfreetype.so.6.14.0
7f7a1adf9000-7f7a1adfa000 rw-p 000b2000 08:01 49547852                   /usr/lib/x86_64-linux-gnu/libfreetype.so.6.14.0
7f7a1adfa000-7f7a1ae45000 r-xp 00000000 08:01 49553852                   /usr/lib/x86_64-linux-gnu/libpango-1.0.so.0.4000.12
7f7a1ae45000-7f7a1b044000 ---p 0004b000 08:01 49553852                   /usr/lib/x86_64-linux-gnu/libpango-1.0.so.0.4000.12
7f7a1b044000-7f7a1b047000 r--p 0004a000 08:01 49553852                   /usr/lib/x86_64-linux-gnu/libpango-1.0.so.0.4000.12
7f7a1b047000-7f7a1b048000 rw-p 0004d000 08:01 49553852                   /usr/lib/x86_64-linux-gnu/libpango-1.0.so.0.4000.12
7f7a1b048000-7f7a1b153000 r-xp 00000000 08:01 49553139                   /usr/lib/x86_64-linux-gnu/libcairo.so.2.11400.10
7f7a1b153000-7f7a1b353000 ---p 0010b000 08:01 49553139                   /usr/lib/x86_64-linux-gnu/libcairo.so.2.11400.10
7f7a1b353000-7f7a1b356000 r--p 0010b000 08:01 49553139                   /usr/lib/x86_64-linux-gnu/libcairo.so.2.11400.10
7f7a1b356000-7f7a1b357000 rw-p 0010e000 08:01 49553139                   /usr/lib/x86_64-linux-gnu/libcairo.so.2.11400.10
7f7a1b357000-7f7a1b359000 rw-p 00000000 00:00 0 
7f7a1b359000-7f7a1b365000 r-xp 00000000 08:01 49553854                   /usr/lib/x86_64-linux-gnu/libpangocairo-1.0.so.0.4000.12
7f7a1b365000-7f7a1b564000 ---p 0000c000 08:01 49553854                   /usr/lib/x86_64-linux-gnu/libpangocairo-1.0.so.0.4000.12
7f7a1b564000-7f7a1b565000 r--p 0000b000 08:01 49553854                   /usr/lib/x86_64-linux-gnu/libpangocairo-1.0.so.0.4000.12
7f7a1b565000-7f7a1b566000 rw-p 0000c000 08:01 49553854                   /usr/lib/x86_64-linux-gnu/libpangocairo-1.0.so.0.4000.12
7f7a1b566000-7f7a1b588000 r-xp 00000000 08:01 49545227                   /usr/lib/x86_64-linux-gnu/libgdk_pixbuf-2.0.so.0.3611.0
7f7a1b588000-7f7a1b788000 ---p 00022000 08:01 49545227                   /usr/lib/x86_64-linux-gnu/libgdk_pixbuf-2.0.so.0.3611.0
7f7a1b788000-7f7a1b789000 r--p 00022000 08:01 49545227                   /usr/lib/x86_64-linux-gnu/libgdk_pixbuf-2.0.so.0.3611.0
7f7a1b789000-7f7a1b78a000 rw-p 00023000 08:01 49545227                   /usr/lib/x86_64-linux-gnu/libgdk_pixbuf-2.0.so.0.3611.0
7f7a1b78a000-7f7a1b91b000 r-xp 00000000 08:01 49553441                   /usr/lib/x86_64-linux-gnu/libgio-2.0.so.0.5400.1
7f7a1b91b000-7f7a1bb1b000 ---p 00191000 08:01 49553441                   /usr/lib/x86_64-linux-gnu/libgio-2.0.so.0.5400.1
7f7a1bb1b000-7f7a1bb22000 r--p 00191000 08:01 49553441                   /usr/lib/x86_64-linux-gnu/libgio-2.0.so.0.5400.1
7f7a1bb22000-7f7a1bb23000 rw-p 00198000 08:01 49553441                   /usr/lib/x86_64-linux-gnu/libgio-2.0.so.0.5400.1
7f7a1bb23000-7f7a1bb25000 rw-p 00000000 00:00 0 
7f7a1bb25000-7f7a1bb48000 r-xp 00000000 08:01 49553089                   /usr/lib/x86_64-linux-gnu/libatk-1.0.so.0.22609.1
7f7a1bb48000-7f7a1bd47000 ---p 00023000 08:01 49553089                   /usr/lib/x86_64-linux-gnu/libatk-1.0.so.0.22609.1
7f7a1bd47000-7f7a1bd4a000 r--p 00022000 08:01 49553089                   /usr/lib/x86_64-linux-gnu/libatk-1.0.so.0.22609.1
7f7a1bd4a000-7f7a1bd4b000 rw-p 00025000 08:01 49553089                   /usr/lib/x86_64-linux-gnu/libatk-1.0.so.0.22609.1
7f7a1bd4b000-7f7a1bdfa000 r-xp 00000000 08:01 49553419                   /usr/lib/x86_64-linux-gnu/libgdk-x11-2.0.so.0.2400.31
7f7a1bdfa000-7f7a1bffa000 ---p 000af000 08:01 49553419                   /usr/lib/x86_64-linux-gnu/libgdk-x11-2.0.so.0.2400.31
7f7a1bffa000-7f7a1bffe000 r--p 000af000 08:01 49553419                   /usr/lib/x86_64-linux-gnu/libgdk-x11-2.0.so.0.2400.31
7f7a1bffe000-7f7a1c000000 rw-p 000b3000 08:01 49553419                   /usr/lib/x86_64-linux-gnu/libgdk-x11-2.0.so.0.2400.31
7f7a1c000000-7f7a1c021000 rw-p 00000000 00:00 0 
7f7a1c021000-7f7a20000000 ---p 00000000 00:00 0 
7f7a20000000-7f7a20002000 r--s 00000000 08:01 39845982                   /var/cache/fontconfig/550f3886151c940c12a5ed35f6a00586-le64.cache-6
7f7a20002000-7f7a20005000 r--s 00000000 08:01 39845991                   /var/cache/fontconfig/674d1711f2d1d2a09646eb0bdcadee49-le64.cache-6
7f7a20005000-7f7a20006000 r--s 00000000 08:01 39845975                   /var/cache/fontconfig/3f7329c5293ffd510edef78f73874cfd-le64.cache-6
7f7a20006000-7f7a2000a000 r--s 00000000 08:01 39846015                   /var/cache/fontconfig/d589a48862398ed80a3d6066f4f56f4c-le64.cache-6
7f7a2000a000-7f7a2001e000 r-xp 00000000 08:01 49553856                   /usr/lib/x86_64-linux-gnu/libpangoft2-1.0.so.0.4000.12
7f7a2001e000-7f7a2021e000 ---p 00014000 08:01 49553856                   /usr/lib/x86_64-linux-gnu/libpangoft2-1.0.so.0.4000.12
7f7a2021e000-7f7a2021f000 r--p 00014000 08:01 49553856                   /usr/lib/x86_64-linux-gnu/libpangoft2-1.0.so.0.4000.12
7f7a2021f000-7f7a20220000 rw-p 00015000 08:01 49553856                   /usr/lib/x86_64-linux-gnu/libpangoft2-1.0.so.0.4000.12
7f7a20220000-7f7a24000000 rw-p 00000000 00:00 0 
7f7a24000000-7f7a24021000 rw-p 00000000 00:00 0 
7f7a24021000-7f7a28000000 ---p 00000000 00:00 0 
7f7a28000000-7f7a28001000 r--s 00000000 08:01 39845969                   /var/cache/fontconfig/30829fa25452a46451e813d634d7f916-le64.cache-6
7f7a28001000-7f7a28002000 r--s 00000000 08:01 39845959                   /var/cache/fontconfig/0c9eb80ebd1c36541ebe2852d3bb0c49-le64.cache-6
7f7a28002000-7f7a28003000 r--s 00000000 08:01 39845966                   /var/cache/fontconfig/22368d551a680bfe5a62c02760edf4ea-le64.cache-6
7f7a28003000-7f7a28004000 r--s 00000000 08:01 39845980                   /var/cache/fontconfig/4d9c95eba1cb85bbcf2878543262124a-le64.cache-6
7f7a28004000-7f7a28005000 r--s 00000000 08:01 39845996                   /var/cache/fontconfig/85e0a52ce643a7ba2ae53e5d6949cead-le64.cache-6
7f7a28005000-7f7a28009000 r--s 00000000 08:01 39853004                   /var/cache/fontconfig/7ef2298fde41cc6eeb7af42e48b7d293-le64.cache-6
7f7a28009000-7f7a28049000 rw-s 00000000 00:06 424                        /dev/nvidiactl
7f7a28049000-7f7a28069000 rw-s 00000000 00:06 424                        /dev/nvidiactl
7f7a28069000-7f7a280a9000 rw-s 00000000 00:06 424                        /dev/nvidiactl
7f7a280aa000-7f7a280ad000 r--s 0001a000 08:01 52692508                   /usr/lib/jvm/java-8-oracle/jre/lib/jce.jar
7f7a280ad000-7f7a280c9000 r--s 00393000 08:01 53741320                   /usr/lib/jvm/java-8-oracle/jre/lib/ext/cldrdata.jar
7f7a280c9000-7f7a281ce000 rw-s 00000000 00:06 424                        /dev/nvidiactl
7f7a281ce000-7f7a28603000 r-xp 00000000 08:01 49553558                   /usr/lib/x86_64-linux-gnu/libgtk-x11-2.0.so.0.2400.31
7f7a28603000-7f7a28802000 ---p 00435000 08:01 49553558                   /usr/lib/x86_64-linux-gnu/libgtk-x11-2.0.so.0.2400.31
7f7a28802000-7f7a28809000 r--p 00434000 08:01 49553558                   /usr/lib/x86_64-linux-gnu/libgtk-x11-2.0.so.0.2400.31
7f7a28809000-7f7a2880d000 rw-p 0043b000 08:01 49553558                   /usr/lib/x86_64-linux-gnu/libgtk-x11-2.0.so.0.2400.31
7f7a2880d000-7f7a28810000 rw-p 00000000 00:00 0 
7f7a28810000-7f7a2881c000 r-xp 00000000 08:01 54395362                   /usr/lib/jvm/java-8-oracle/jre/lib/amd64/libprism_es2.so
7f7a2881c000-7f7a28a1b000 ---p 0000c000 08:01 54395362                   /usr/lib/jvm/java-8-oracle/jre/lib/amd64/libprism_es2.so
7f7a28a1b000-7f7a28a1c000 rw-p 0000b000 08:01 54395362                   /usr/lib/jvm/java-8-oracle/jre/lib/amd64/libprism_es2.so
7f7a28a1c000-7f7a28a1f000 ---p 00000000 00:00 0 
7f7a28a1f000-7f7a28b1d000 rw-p 00000000 00:00 0 
7f7a28b1d000-7f7a28bb3000 r--s 0110a000 08:01 53741321                   /usr/lib/jvm/java-8-oracle/jre/lib/ext/jfxrt.jar
7f7a28bb3000-7f7a28bb4000 ---p 00000000 00:00 0 
7f7a28bb4000-7f7a28cb4000 rw-p 00000000 00:00 0 
7f7a28cb4000-7f7a28cb7000 ---p 00000000 00:00 0 
7f7a28cb7000-7f7a28db5000 rw-p 00000000 00:00 0 
7f7a28db5000-7f7a28db8000 ---p 00000000 00:00 0 
7f7a28db8000-7f7a28eb6000 rw-p 00000000 00:00 0 
7f7a28eb6000-7f7a28eb9000 ---p 00000000 00:00 0 
7f7a28eb9000-7f7a28fb7000 rw-p 00000000 00:00 0 
7f7a28fb7000-7f7a28fba000 ---p 00000000 00:00 0 
7f7a28fba000-7f7a290b8000 rw-p 00000000 00:00 0 
7f7a290b8000-7f7a290bb000 ---p 00000000 00:00 0 
7f7a290bb000-7f7a291b9000 rw-p 00000000 00:00 0 
7f7a291b9000-7f7a295c6000 r--p 00000000 08:01 49545779                   /usr/lib/locale/locale-archive
7f7a295c6000-7f7a295c9000 ---p 00000000 00:00 0 
7f7a295c9000-7f7a296c7000 rw-p 00000000 00:00 0 
7f7a296c7000-7f7a296ca000 ---p 00000000 00:00 0 
7f7a296ca000-7f7a297c8000 rw-p 00000000 00:00 0 
7f7a297c8000-7f7a297c9000 ---p 00000000 00:00 0 
7f7a297c9000-7f7a2a88a000 rw-p 00000000 00:00 0 
7f7a2a88a000-7f7a2aa63000 r--s 03d64000 08:01 52692497                   /usr/lib/jvm/java-8-oracle/jre/lib/rt.jar
7f7a2aa63000-7f7a2b641000 rw-p 00000000 00:00 0 
7f7a2b641000-7f7a2b642000 ---p 00000000 00:00 0 
7f7a2b642000-7f7a2b742000 rw-p 00000000 00:00 0 
7f7a2b742000-7f7a2b743000 ---p 00000000 00:00 0 
7f7a2b743000-7f7a2b843000 rw-p 00000000 00:00 0 
7f7a2b843000-7f7a2b844000 ---p 00000000 00:00 0 
7f7a2b844000-7f7a2b95c000 rw-p 00000000 00:00 0 
7f7a2b95c000-7f7a2bbd8000 ---p 00000000 00:00 0 
7f7a2bbd8000-7f7a2bbf0000 rw-p 00000000 00:00 0 
7f7a2bbf0000-7f7a2be6c000 ---p 00000000 00:00 0 
7f7a2be6c000-7f7a2be81000 rw-p 00000000 00:00 0 
7f7a2be81000-7f7a2bfb6000 ---p 00000000 00:00 0 
7f7a2bfb6000-7f7a2bfd3000 rw-p 00000000 00:00 0 
7f7a2bfd3000-7f7a2c377000 ---p 00000000 00:00 0 
7f7a2c377000-7f7a2ca67000 rwxp 00000000 00:00 0 
7f7a2ca67000-7f7a3b377000 ---p 00000000 00:00 0 
7f7a3b377000-7f7a3b392000 r-xp 00000000 08:01 54395354                   /usr/lib/jvm/java-8-oracle/jre/lib/amd64/libzip.so
7f7a3b392000-7f7a3b592000 ---p 0001b000 08:01 54395354                   /usr/lib/jvm/java-8-oracle/jre/lib/amd64/libzip.so
7f7a3b592000-7f7a3b593000 rw-p 0001b000 08:01 54395354                   /usr/lib/jvm/java-8-oracle/jre/lib/amd64/libzip.so
7f7a3b593000-7f7a3b59e000 r-xp 00000000 08:01 55579550                   /lib/x86_64-linux-gnu/libnss_files-2.26.so
7f7a3b59e000-7f7a3b79d000 ---p 0000b000 08:01 55579550                   /lib/x86_64-linux-gnu/libnss_files-2.26.so
7f7a3b79d000-7f7a3b79e000 r--p 0000a000 08:01 55579550                   /lib/x86_64-linux-gnu/libnss_files-2.26.so
7f7a3b79e000-7f7a3b79f000 rw-p 0000b000 08:01 55579550                   /lib/x86_64-linux-gnu/libnss_files-2.26.so
7f7a3b79f000-7f7a3b7a5000 rw-p 00000000 00:00 0 
7f7a3b7a5000-7f7a3b7b0000 r-xp 00000000 08:01 55579552                   /lib/x86_64-linux-gnu/libnss_nis-2.26.so
7f7a3b7b0000-7f7a3b9af000 ---p 0000b000 08:01 55579552                   /lib/x86_64-linux-gnu/libnss_nis-2.26.so
7f7a3b9af000-7f7a3b9b0000 r--p 0000a000 08:01 55579552                   /lib/x86_64-linux-gnu/libnss_nis-2.26.so
7f7a3b9b0000-7f7a3b9b1000 rw-p 0000b000 08:01 55579552                   /lib/x86_64-linux-gnu/libnss_nis-2.26.so
7f7a3b9b1000-7f7a3b9c8000 r-xp 00000000 08:01 55579547                   /lib/x86_64-linux-gnu/libnsl-2.26.so
7f7a3b9c8000-7f7a3bbc7000 ---p 00017000 08:01 55579547                   /lib/x86_64-linux-gnu/libnsl-2.26.so
7f7a3bbc7000-7f7a3bbc8000 r--p 00016000 08:01 55579547                   /lib/x86_64-linux-gnu/libnsl-2.26.so
7f7a3bbc8000-7f7a3bbc9000 rw-p 00017000 08:01 55579547                   /lib/x86_64-linux-gnu/libnsl-2.26.so
7f7a3bbc9000-7f7a3bbcb000 rw-p 00000000 00:00 0 
7f7a3bbcb000-7f7a3bbd3000 r-xp 00000000 08:01 55579548                   /lib/x86_64-linux-gnu/libnss_compat-2.26.so
7f7a3bbd3000-7f7a3bdd2000 ---p 00008000 08:01 55579548                   /lib/x86_64-linux-gnu/libnss_compat-2.26.so
7f7a3bdd2000-7f7a3bdd3000 r--p 00007000 08:01 55579548                   /lib/x86_64-linux-gnu/libnss_compat-2.26.so
7f7a3bdd3000-7f7a3bdd4000 rw-p 00008000 08:01 55579548                   /lib/x86_64-linux-gnu/libnss_compat-2.26.so
7f7a3bdd4000-7f7a3bdff000 r-xp 00000000 08:01 54395348                   /usr/lib/jvm/java-8-oracle/jre/lib/amd64/libjava.so
7f7a3bdff000-7f7a3bffe000 ---p 0002b000 08:01 54395348                   /usr/lib/jvm/java-8-oracle/jre/lib/amd64/libjava.so
7f7a3bffe000-7f7a3c000000 rw-p 0002a000 08:01 54395348                   /usr/lib/jvm/java-8-oracle/jre/lib/amd64/libjava.so
7f7a3c000000-7f7a3c41a000 rw-p 00000000 00:00 0 
7f7a3c41a000-7f7a40000000 ---p 00000000 00:00 0 
7f7a40000000-7f7a40001000 r--s 00000000 08:01 39845977                   /var/cache/fontconfig/49f0de54bdd920fe4f0dfd4cbac43e6b-le64.cache-6
7f7a40001000-7f7a40002000 r--s 00000000 08:01 39846023                   /var/cache/fontconfig/f6e6e0a5c3d2f6ae0c0c2e0ecd42a997-le64.cache-6
7f7a40002000-7f7a40003000 r--s 00000000 08:01 39845978                   /var/cache/fontconfig/4b2eda6bb976bda485cb2176619421d5-le64.cache-6
7f7a40003000-7f7a40005000 rw-s 00000000 08:01 13107505                   /tmp/.glUiUQqk (deleted)
7f7a40005000-7f7a40018000 rw-s 00000000 00:06 424                        /dev/nvidiactl
7f7a40018000-7f7a40019000 rw-s 00000000 00:06 424                        /dev/nvidiactl
7f7a40019000-7f7a4001d000 rw-s 00000000 00:06 424                        /dev/nvidiactl
7f7a4001d000-7f7a4001e000 rw-s 00000000 00:06 425                        /dev/nvidia0
7f7a4001e000-7f7a4001f000 rw-s 00000000 00:06 425                        /dev/nvidia0
7f7a4001f000-7f7a400b6000 rw-p 00000000 00:00 0 
7f7a400b6000-7f7a400b7000 ---p 00000000 00:00 0 
7f7a400b7000-7f7a401b7000 rw-p 00000000 00:00 0 
7f7a401b7000-7f7a401c4000 r-xp 00000000 08:01 54395353                   /usr/lib/jvm/java-8-oracle/jre/lib/amd64/libverify.so
7f7a401c4000-7f7a403c4000 ---p 0000d000 08:01 54395353                   /usr/lib/jvm/java-8-oracle/jre/lib/amd64/libverify.so
7f7a403c4000-7f7a403c6000 rw-p 0000d000 08:01 54395353                   /usr/lib/jvm/java-8-oracle/jre/lib/amd64/libverify.so
7f7a403c6000-7f7a403cd000 r-xp 00000000 08:01 55579557                   /lib/x86_64-linux-gnu/librt-2.26.so
7f7a403cd000-7f7a405cc000 ---p 00007000 08:01 55579557                   /lib/x86_64-linux-gnu/librt-2.26.so
7f7a405cc000-7f7a405cd000 r--p 00006000 08:01 55579557                   /lib/x86_64-linux-gnu/librt-2.26.so
7f7a405cd000-7f7a405ce000 rw-p 00007000 08:01 55579557                   /lib/x86_64-linux-gnu/librt-2.26.so
7f7a405ce000-7f7a40723000 r-xp 00000000 08:01 55579544                   /lib/x86_64-linux-gnu/libm-2.26.so
7f7a40723000-7f7a40922000 ---p 00155000 08:01 55579544                   /lib/x86_64-linux-gnu/libm-2.26.so
7f7a40922000-7f7a40923000 r--p 00154000 08:01 55579544                   /lib/x86_64-linux-gnu/libm-2.26.so
7f7a40923000-7f7a40924000 rw-p 00155000 08:01 55579544                   /lib/x86_64-linux-gnu/libm-2.26.so
7f7a40924000-7f7a415fd000 r-xp 00000000 08:01 54395331                   /usr/lib/jvm/java-8-oracle/jre/lib/amd64/server/libjvm.so
7f7a415fd000-7f7a417fc000 ---p 00cd9000 08:01 54395331                   /usr/lib/jvm/java-8-oracle/jre/lib/amd64/server/libjvm.so
7f7a417fc000-7f7a418d5000 rw-p 00cd8000 08:01 54395331                   /usr/lib/jvm/java-8-oracle/jre/lib/amd64/server/libjvm.so
7f7a418d5000-7f7a41921000 rw-p 00000000 00:00 0 
7f7a41921000-7f7a41af7000 r-xp 00000000 08:01 55579540                   /lib/x86_64-linux-gnu/libc-2.26.so
7f7a41af7000-7f7a41cf7000 ---p 001d6000 08:01 55579540                   /lib/x86_64-linux-gnu/libc-2.26.so
7f7a41cf7000-7f7a41cfb000 r--p 001d6000 08:01 55579540                   /lib/x86_64-linux-gnu/libc-2.26.so
7f7a41cfb000-7f7a41cfd000 rw-p 001da000 08:01 55579540                   /lib/x86_64-linux-gnu/libc-2.26.so
7f7a41cfd000-7f7a41d01000 rw-p 00000000 00:00 0 
7f7a41d01000-7f7a41d04000 r-xp 00000000 08:01 55579543                   /lib/x86_64-linux-gnu/libdl-2.26.so
7f7a41d04000-7f7a41f03000 ---p 00003000 08:01 55579543                   /lib/x86_64-linux-gnu/libdl-2.26.so
7f7a41f03000-7f7a41f04000 r--p 00002000 08:01 55579543                   /lib/x86_64-linux-gnu/libdl-2.26.so
7f7a41f04000-7f7a41f05000 rw-p 00003000 08:01 55579543                   /lib/x86_64-linux-gnu/libdl-2.26.so
7f7a41f05000-7f7a41f1b000 r-xp 00000000 08:01 52692219                   /usr/lib/jvm/java-8-oracle/lib/amd64/jli/libjli.so
7f7a41f1b000-7f7a4211a000 ---p 00016000 08:01 52692219                   /usr/lib/jvm/java-8-oracle/lib/amd64/jli/libjli.so
7f7a4211a000-7f7a4211b000 rw-p 00015000 08:01 52692219                   /usr/lib/jvm/java-8-oracle/lib/amd64/jli/libjli.so
7f7a4211b000-7f7a42135000 r-xp 00000000 08:01 55579555                   /lib/x86_64-linux-gnu/libpthread-2.26.so
7f7a42135000-7f7a42334000 ---p 0001a000 08:01 55579555                   /lib/x86_64-linux-gnu/libpthread-2.26.so
7f7a42334000-7f7a42335000 r--p 00019000 08:01 55579555                   /lib/x86_64-linux-gnu/libpthread-2.26.so
7f7a42335000-7f7a42336000 rw-p 0001a000 08:01 55579555                   /lib/x86_64-linux-gnu/libpthread-2.26.so
7f7a42336000-7f7a4233a000 rw-p 00000000 00:00 0 
7f7a4233a000-7f7a42361000 r-xp 00000000 08:01 55579453                   /lib/x86_64-linux-gnu/ld-2.26.so
7f7a42361000-7f7a42362000 rw-s 00000000 00:06 424                        /dev/nvidiactl
7f7a42362000-7f7a42375000 r--s 00345000 08:01 52692501                   /usr/lib/jvm/java-8-oracle/jre/lib/resources.jar
7f7a42375000-7f7a42440000 rw-p 00000000 00:00 0 
7f7a42440000-7f7a42443000 ---p 00000000 00:00 0 
7f7a42443000-7f7a42545000 rw-p 00000000 00:00 0 
7f7a42545000-7f7a4254a000 r--s 00084000 08:01 52692223                   /usr/lib/jvm/java-8-oracle/jre/lib/jfr.jar
7f7a4254a000-7f7a4254f000 r--s 002f9000 08:01 52692495                   /usr/lib/jvm/java-8-oracle/jre/lib/charsets.jar
7f7a4254f000-7f7a42552000 r--s 0001a000 08:01 52692508                   /usr/lib/jvm/java-8-oracle/jre/lib/jce.jar
7f7a42552000-7f7a42557000 r--s 0009d000 08:01 52692502                   /usr/lib/jvm/java-8-oracle/jre/lib/jsse.jar
7f7a42557000-7f7a4255f000 rw-s 00000000 08:01 13239775                   /tmp/hsperfdata_psyfabriq/22663
7f7a4255f000-7f7a42560000 rw-p 00000000 00:00 0 
7f7a42560000-7f7a42561000 r--p 00000000 00:00 0 
7f7a42561000-7f7a42562000 r--p 00027000 08:01 55579453                   /lib/x86_64-linux-gnu/ld-2.26.so
7f7a42562000-7f7a42563000 rw-p 00028000 08:01 55579453                   /lib/x86_64-linux-gnu/ld-2.26.so
7f7a42563000-7f7a42564000 rw-p 00000000 00:00 0 
7ffe9443c000-7ffe9445d000 rw-p 00000000 00:00 0                          [stack]
7ffe94594000-7ffe94597000 r--p 00000000 00:00 0                          [vvar]
7ffe94597000-7ffe94599000 r-xp 00000000 00:00 0                          [vdso]
ffffffffff600000-ffffffffff601000 r-xp 00000000 00:00 0                  [vsyscall]

VM Arguments:
jvm_args: -Dfile.encoding=UTF-8 
java_command: pfq.store.Main
java_class_path (initial): /usr/lib/jvm/java-8-oracle/jre/lib/resources.jar:/usr/lib/jvm/java-8-oracle/jre/lib/rt.jar:/usr/lib/jvm/java-8-oracle/jre/lib/jsse.jar:/usr/lib/jvm/java-8-oracle/jre/lib/jce.jar:/usr/lib/jvm/java-8-oracle/jre/lib/charsets.jar:/usr/lib/jvm/java-8-oracle/jre/lib/jfr.jar:/usr/lib/jvm/java-8-oracle/jre/lib/ext/sunpkcs11.jar:/usr/lib/jvm/java-8-oracle/jre/lib/ext/cldrdata.jar:/usr/lib/jvm/java-8-oracle/jre/lib/ext/nashorn.jar:/usr/lib/jvm/java-8-oracle/jre/lib/ext/dnsns.jar:/usr/lib/jvm/java-8-oracle/jre/lib/ext/sunec.jar:/usr/lib/jvm/java-8-oracle/jre/lib/ext/jfxrt.jar:/usr/lib/jvm/java-8-oracle/jre/lib/ext/jaccess.jar:/usr/lib/jvm/java-8-oracle/jre/lib/ext/sunjce_provider.jar:/usr/lib/jvm/java-8-oracle/jre/lib/ext/localedata.jar:/usr/lib/jvm/java-8-oracle/jre/lib/ext/zipfs.jar:/home/psyfabriq/Documents/workspace/storage/client/target/classes:/home/psyfabriq/.m2/repository/com/jfoenix/jfoenix/1.9.1/jfoenix-1.9.1.jar:/home/psyfabriq/.m2/repository/de/jensd/fontawesomefx/8.8/fontawesomefx-8.8.jar:/home/psyfabriq/.m2/repository/org/apache/httpcomponents/httpclient/4.5.4/httpclient-4.5.4.jar:/home/psyfabriq/.m2/repository/org/apache/httpcomponents/httpcore/4.4.7/httpcore-4.4.7.jar:/home/psyfabriq/.m2/repository/commons-logging/commons-logging/1.2/commons-logging-1.2.jar:/home/psyfabriq/.m2/repository/commons-codec/commons-codec/1.10/commons-codec-1.10.jar
Launcher Type: SUN_STANDARD

Environment Variables:
JAVA_HOME=/usr/lib/jvm/java-8-oracle
PATH=/usr/local/sbin:/usr/local/bin:/usr/sbin:/usr/bin:/sbin:/bin:/usr/games:/usr/local/games:/snap/bin:/usr/lib/jvm/java-8-oracle/bin:/usr/lib/jvm/java-8-oracle/db/bin:/usr/lib/jvm/java-8-oracle/jre/bin
USERNAME=psyfabriq
SHELL=/bin/bash
DISPLAY=:1

Signal Handlers:
SIGSEGV: [libjvm.so+0xad01e0], sa_mask[0]=11111111011111111101111111111110, sa_flags=SA_RESTART|SA_SIGINFO
SIGBUS: [libjvm.so+0xad01e0], sa_mask[0]=11111111011111111101111111111110, sa_flags=SA_RESTART|SA_SIGINFO
SIGFPE: [libjvm.so+0x927fb0], sa_mask[0]=11111111011111111101111111111110, sa_flags=SA_RESTART|SA_SIGINFO
SIGPIPE: SIG_IGN, sa_mask[0]=00000000000010000000000000000000, sa_flags=SA_RESTART
SIGXFSZ: [libjvm.so+0x927fb0], sa_mask[0]=11111111011111111101111111111110, sa_flags=SA_RESTART|SA_SIGINFO
SIGILL: [libjvm.so+0x927fb0], sa_mask[0]=11111111011111111101111111111110, sa_flags=SA_RESTART|SA_SIGINFO
SIGUSR1: SIG_DFL, sa_mask[0]=00000000000000000000000000000000, sa_flags=none
SIGUSR2: [libjvm.so+0x9297f0], sa_mask[0]=00100000000000000000000000000000, sa_flags=SA_RESTART|SA_SIGINFO
SIGHUP: [libjvm.so+0x92abf0], sa_mask[0]=11111111011111111101111111111110, sa_flags=SA_RESTART|SA_SIGINFO
SIGINT: [libjvm.so+0x92abf0], sa_mask[0]=11111111011111111101111111111110, sa_flags=SA_RESTART|SA_SIGINFO
SIGTERM: [libjvm.so+0x92abf0], sa_mask[0]=11111111011111111101111111111110, sa_flags=SA_RESTART|SA_SIGINFO
SIGQUIT: [libjvm.so+0x92abf0], sa_mask[0]=11111111011111111101111111111110, sa_flags=SA_RESTART|SA_SIGINFO


---------------  S Y S T E M  ---------------

OS:DISTRIB_ID=Ubuntu
DISTRIB_RELEASE=17.10
DISTRIB_CODENAME=artful
DISTRIB_DESCRIPTION="Ubuntu 17.10"

uname:Linux 4.13.0-32-generic #35-Ubuntu SMP Thu Jan 25 09:13:46 UTC 2018 x86_64
libc:glibc 2.26 NPTL 2.26 
rlimit: STACK 8192k, CORE 0k, NPROC 31437, NOFILE 1048576, AS infinity
load average:0,46 0,98 0,84

/proc/meminfo:
MemTotal:        8109360 kB
MemFree:          429700 kB
MemAvailable:     887128 kB
Buffers:           24304 kB
Cached:           567376 kB
SwapCached:         1520 kB
Active:          5963236 kB
Inactive:        1225088 kB
Active(anon):    5629460 kB
Inactive(anon):   923188 kB
Active(file):     333776 kB
Inactive(file):   301900 kB
Unevictable:       14300 kB
Mlocked:           14300 kB
SwapTotal:       2097148 kB
SwapFree:        2043376 kB
Dirty:               672 kB
Writeback:             0 kB
AnonPages:       6609356 kB
Mapped:           466064 kB
Shmem:            109548 kB
Slab:             171656 kB
SReclaimable:      82128 kB
SUnreclaim:        89528 kB
KernelStack:       19744 kB
PageTables:        93888 kB
NFS_Unstable:          0 kB
Bounce:                0 kB
WritebackTmp:          0 kB
CommitLimit:     6151828 kB
Committed_AS:   15939880 kB
VmallocTotal:   34359738367 kB
VmallocUsed:           0 kB
VmallocChunk:          0 kB
HardwareCorrupted:     0 kB
AnonHugePages:         0 kB
ShmemHugePages:        0 kB
ShmemPmdMapped:        0 kB
CmaTotal:              0 kB
CmaFree:               0 kB
HugePages_Total:       0
HugePages_Free:        0
HugePages_Rsvd:        0
HugePages_Surp:        0
Hugepagesize:       2048 kB
DirectMap4k:      427992 kB
DirectMap2M:     7901184 kB


CPU:total 4 (initial active 4) (2 cores per cpu, 2 threads per core) family 6 model 42 stepping 7, cmov, cx8, fxsr, mmx, sse, sse2, sse3, ssse3, sse4.1, sse4.2, popcnt, avx, clmul, ht, tsc, tscinvbit

/proc/cpuinfo:
processor	: 0
vendor_id	: GenuineIntel
cpu family	: 6
model		: 42
model name	: Intel(R) Core(TM) i3-2130 CPU @ 3.40GHz
stepping	: 7
microcode	: 0x29
cpu MHz		: 3392.470
cache size	: 3072 KB
physical id	: 0
siblings	: 4
core id		: 0
cpu cores	: 2
apicid		: 0
initial apicid	: 0
fpu		: yes
fpu_exception	: yes
cpuid level	: 13
wp		: yes
flags		: fpu vme de pse tsc msr pae mce cx8 apic sep mtrr pge mca cmov pat pse36 clflush dts acpi mmx fxsr sse sse2 ss ht tm pbe syscall nx rdtscp lm constant_tsc arch_perfmon pebs bts rep_good nopl xtopology nonstop_tsc cpuid aperfmperf pni pclmulqdq dtes64 monitor ds_cpl vmx est tm2 ssse3 cx16 xtpr pdcm pcid sse4_1 sse4_2 popcnt tsc_deadline_timer xsave avx lahf_lm epb pti tpr_shadow vnmi flexpriority ept vpid xsaveopt dtherm arat pln pts
bugs		: cpu_meltdown spectre_v1 spectre_v2
bogomips	: 6784.94
clflush size	: 64
cache_alignment	: 64
address sizes	: 36 bits physical, 48 bits virtual
power management:

processor	: 1
vendor_id	: GenuineIntel
cpu family	: 6
model		: 42
model name	: Intel(R) Core(TM) i3-2130 CPU @ 3.40GHz
stepping	: 7
microcode	: 0x29
cpu MHz		: 3392.470
cache size	: 3072 KB
physical id	: 0
siblings	: 4
core id		: 1
cpu cores	: 2
apicid		: 2
initial apicid	: 2
fpu		: yes
fpu_exception	: yes
cpuid level	: 13
wp		: yes
flags		: fpu vme de pse tsc msr pae mce cx8 apic sep mtrr pge mca cmov pat pse36 clflush dts acpi mmx fxsr sse sse2 ss ht tm pbe syscall nx rdtscp lm constant_tsc arch_perfmon pebs bts rep_good nopl xtopology nonstop_tsc cpuid aperfmperf pni pclmulqdq dtes64 monitor ds_cpl vmx est tm2 ssse3 cx16 xtpr pdcm pcid sse4_1 sse4_2 popcnt tsc_deadline_timer xsave avx lahf_lm epb pti tpr_shadow vnmi flexpriority ept vpid xsaveopt dtherm arat pln pts
bugs		: cpu_meltdown spectre_v1 spectre_v2
bogomips	: 6784.94
clflush size	: 64
cache_alignment	: 64
address sizes	: 36 bits physical, 48 bits virtual
power management:

processor	: 2
vendor_id	: GenuineIntel
cpu family	: 6
model		: 42
model name	: Intel(R) Core(TM) i3-2130 CPU @ 3.40GHz
stepping	: 7
microcode	: 0x29
cpu MHz		: 3392.470
cache size	: 3072 KB
physical id	: 0
siblings	: 4
core id		: 0
cpu cores	: 2
apicid		: 1
initial apicid	: 1
fpu		: yes
fpu_exception	: yes
cpuid level	: 13
wp		: yes
flags		: fpu vme de pse tsc msr pae mce cx8 apic sep mtrr pge mca cmov pat pse36 clflush dts acpi mmx fxsr sse sse2 ss ht tm pbe syscall nx rdtscp lm constant_tsc arch_perfmon pebs bts rep_good nopl xtopology nonstop_tsc cpuid aperfmperf pni pclmulqdq dtes64 monitor ds_cpl vmx est tm2 ssse3 cx16 xtpr pdcm pcid sse4_1 sse4_2 popcnt tsc_deadline_timer xsave avx lahf_lm epb pti tpr_shadow vnmi flexpriority ept vpid xsaveopt dtherm arat pln pts
bugs		: cpu_meltdown spectre_v1 spectre_v2
bogomips	: 6784.94
clflush size	: 64
cache_alignment	: 64
address sizes	: 36 bits physical, 48 bits virtual
power management:

processor	: 3
vendor_id	: GenuineIntel
cpu family	: 6
model		: 42
model name	: Intel(R) Core(TM) i3-2130 CPU @ 3.40GHz
stepping	: 7
microcode	: 0x29
cpu MHz		: 3392.470
cache size	: 3072 KB
physical id	: 0
siblings	: 4
core id		: 1
cpu cores	: 2
apicid		: 3
initial apicid	: 3
fpu		: yes
fpu_exception	: yes
cpuid level	: 13
wp		: yes
flags		: fpu vme de pse tsc msr pae mce cx8 apic sep mtrr pge mca cmov pat pse36 clflush dts acpi mmx fxsr sse sse2 ss ht tm pbe syscall nx rdtscp lm constant_tsc arch_perfmon pebs bts rep_good nopl xtopology nonstop_tsc cpuid aperfmperf pni pclmulqdq dtes64 monitor ds_cpl vmx est tm2 ssse3 cx16 xtpr pdcm pcid sse4_1 sse4_2 popcnt tsc_deadline_timer xsave avx lahf_lm epb pti tpr_shadow vnmi flexpriority ept vpid xsaveopt dtherm arat pln pts
bugs		: cpu_meltdown spectre_v1 spectre_v2
bogomips	: 6784.94
clflush size	: 64
cache_alignment	: 64
address sizes	: 36 bits physical, 48 bits virtual
power management:



Memory: 4k page, physical 8109360k(429700k free), swap 2097148k(2043376k free)

vm_info: Java HotSpot(TM) 64-Bit Server VM (25.161-b12) for linux-amd64 JRE (1.8.0_161-b12), built on Dec 19 2017 16:12:43 by "java_re" with gcc 4.3.0 20080428 (Red Hat 4.3.0-8)

time: Wed Feb 21 18:46:33 2018
elapsed time: 8 seconds (0d 0h 0m 8s)

